No entry 'G:\bin\config.cpp.CfgVehicles'.
No entry 'G:\bin\config.cpp.CfgAmmo'.
No entry 'G:\bin\config.cpp.CfgNonAIVehicles'.
No entry 'G:\bin\config.cpp.CfgInGameUI'.
No entry '.DebugFont'.
No entry '.font'.
'/' is not a value
No entry 'G:\bin\config.cpp.CfgFonts'.
No entry 'G:\bin\config.cpp.CfgFontFamilies'.
String id 0 is not registered
!!! UNREGISTERED STRING
No entry '.'.
No entry '.fonts'.
Size: '/' not an array
No entry '.size'.
'/' is not a value
No entry 'G:\bin\config.cpp.CfgSurfaces'.
No entry 'G:\bin\config.cpp.CfgDefaultSettings'.
No entry '.defaultVisibility'.
'/' is not a value
No entry 'G:\bin\config.cpp.CfgDefaultSettings'.
No entry '.defaultTerrainGrid'.
'/' is not a value
No entry 'G:\bin\config.cpp.CfgDefaultSettings'.
No entry '.defaultObjectViewDistance'.
'/' is not a value
No entry 'G:\bin\config.cpp.CfgDefaultSettings'.
No entry '.hazeDefaultDistance'.
'/' is not a value
No entry 'G:\bin\config.cpp.RadioChannels'.
No entry '.GlobalChannel'.
No entry '.level'.
'/' is not a value
No entry '.noise'.
'/' is not a value
No entry '.micOuts'.
'/' is not a value
No entry '.pauseAfterWord'.
'/' is not a value
No entry '.pauseInNumber'.
'/' is not a value
No entry '.pauseAfterNumber'.
'/' is not a value
No entry '.pauseInUnitList'.
'/' is not a value
No entry '.pauseAfterUnitList'.
'/' is not a value
No entry 'G:\bin\config.cpp.RadioChannels'.
No entry '.GlobalChannel'.
No entry '.level'.
'/' is not a value
No entry '.noise'.
'/' is not a value
No entry '.micOuts'.
'/' is not a value
No entry '.pauseAfterWord'.
'/' is not a value
No entry '.pauseInNumber'.
'/' is not a value
No entry '.pauseAfterNumber'.
'/' is not a value
No entry '.pauseInUnitList'.
'/' is not a value
No entry '.pauseAfterUnitList'.
'/' is not a value
No entry 'G:\bin\config.cpp.RadioChannels'.
No entry '.GlobalChannel'.
No entry '.level'.
'/' is not a value
No entry '.noise'.
'/' is not a value
No entry '.micOuts'.
'/' is not a value
No entry '.pauseAfterWord'.
'/' is not a value
No entry '.pauseInNumber'.
'/' is not a value
No entry '.pauseAfterNumber'.
'/' is not a value
No entry '.pauseInUnitList'.
'/' is not a value
No entry '.pauseAfterUnitList'.
'/' is not a value
No entry 'G:\bin\config.cpp.RadioChannels'.
No entry '.GlobalChannel'.
No entry '.level'.
'/' is not a value
No entry '.noise'.
'/' is not a value
No entry '.micOuts'.
'/' is not a value
No entry '.pauseAfterWord'.
'/' is not a value
No entry '.pauseInNumber'.
'/' is not a value
No entry '.pauseAfterNumber'.
'/' is not a value
No entry '.pauseInUnitList'.
'/' is not a value
No entry '.pauseAfterUnitList'.
'/' is not a value
No entry 'G:\bin\config.cpp.RadioChannels'.
No entry '.GlobalChannel'.
No entry '.level'.
'/' is not a value
No entry '.noise'.
'/' is not a value
No entry '.micOuts'.
'/' is not a value
No entry '.pauseAfterWord'.
'/' is not a value
No entry '.pauseInNumber'.
'/' is not a value
No entry '.pauseAfterNumber'.
'/' is not a value
No entry '.pauseInUnitList'.
'/' is not a value
No entry '.pauseAfterUnitList'.
'/' is not a value
No entry 'G:\bin\config.cpp.RadioChannels'.
No entry '.GlobalChannel'.
No entry '.level'.
'/' is not a value
No entry '.noise'.
'/' is not a value
No entry '.micOuts'.
'/' is not a value
No entry '.pauseAfterWord'.
'/' is not a value
No entry '.pauseInNumber'.
'/' is not a value
No entry '.pauseAfterNumber'.
'/' is not a value
No entry '.pauseInUnitList'.
'/' is not a value
No entry '.pauseAfterUnitList'.
'/' is not a value
No entry 'G:\bin\config.cpp.RadioChannels'.
No entry '.GlobalChannel'.
No entry '.level'.
'/' is not a value
No entry '.noise'.
'/' is not a value
No entry '.micOuts'.
'/' is not a value
No entry '.pauseAfterWord'.
'/' is not a value
No entry '.pauseInNumber'.
'/' is not a value
No entry '.pauseAfterNumber'.
'/' is not a value
No entry '.pauseInUnitList'.
'/' is not a value
No entry '.pauseAfterUnitList'.
'/' is not a value
No entry 'G:\bin\config.cpp.RadioChannels'.
No entry '.GlobalChannel'.
No entry '.level'.
'/' is not a value
No entry '.noise'.
'/' is not a value
No entry '.micOuts'.
'/' is not a value
No entry '.pauseAfterWord'.
'/' is not a value
No entry '.pauseInNumber'.
'/' is not a value
No entry '.pauseAfterNumber'.
'/' is not a value
No entry '.pauseInUnitList'.
'/' is not a value
No entry '.pauseAfterUnitList'.
'/' is not a value
No entry 'G:\bin\config.cpp.RadioChannels'.
No entry '.GlobalChannel'.
No entry '.level'.
'/' is not a value
No entry '.noise'.
'/' is not a value
No entry '.micOuts'.
'/' is not a value
No entry '.pauseAfterWord'.
'/' is not a value
No entry '.pauseInNumber'.
'/' is not a value
No entry '.pauseAfterNumber'.
'/' is not a value
No entry '.pauseInUnitList'.
'/' is not a value
No entry '.pauseAfterUnitList'.
'/' is not a value
No entry 'G:\bin\config.cpp.RadioChannels'.
No entry '.GlobalChannel'.
No entry '.level'.
'/' is not a value
No entry '.noise'.
'/' is not a value
No entry '.micOuts'.
'/' is not a value
No entry '.pauseAfterWord'.
'/' is not a value
No entry '.pauseInNumber'.
'/' is not a value
No entry '.pauseAfterNumber'.
'/' is not a value
No entry '.pauseInUnitList'.
'/' is not a value
No entry '.pauseAfterUnitList'.
'/' is not a value
No entry 'G:\bin\config.cpp.RadioChannels'.
No entry '.GlobalChannel'.
No entry '.level'.
'/' is not a value
No entry '.noise'.
'/' is not a value
No entry '.micOuts'.
'/' is not a value
No entry '.pauseAfterWord'.
'/' is not a value
No entry '.pauseInNumber'.
'/' is not a value
No entry '.pauseAfterNumber'.
'/' is not a value
No entry '.pauseInUnitList'.
'/' is not a value
No entry '.pauseAfterUnitList'.
'/' is not a value
No entry 'G:\bin\config.cpp.CfgVoice'.
No speaker configuration found.
No entry 'G:\bin\config.cpp.CfgWorlds'.
No entry '.DefaultWorld'.
No entry '.skyTexture'.
'/' is not a value
No entry 'G:\bin\config.cpp.CfgWorlds'.
No entry '.DefaultWorld'.
No entry '.skyTextureR'.
'/' is not a value
No entry 'G:\bin\config.cpp.CfgLensFlare'.
No entry '.flarePos'.
..\Lib\scene.cpp(2153)(func: Scene::InitLensFlares)  [AssertUSR]  MainThread=2876 Group: Config Invalid configuration of flarePos - must be array with 16 members!
No entry '.flareSizeCam'.
..\Lib\scene.cpp(2184)(func: Scene::InitLensFlares)  [AssertUSR]  MainThread=2876 Group: Config Invalid configuration of flareSizeCam - must be array with 16 members!
No entry '.flareBright'.
..\Lib\scene.cpp(2215)(func: Scene::InitLensFlares)  [AssertUSR]  MainThread=2876 Group: Config Invalid configuration of flareBright - must be array with 16 members!
No entry '.flareSizeEye'.
..\Lib\scene.cpp(2246)(func: Scene::InitLensFlares)  [AssertUSR]  MainThread=2876 Group: Config Invalid configuration of flareSizeEye - must be array at least 1 member!
No entry '.flareSizeEyeSun'.
..\Lib\scene.cpp(2277)(func: Scene::InitLensFlares)  [AssertUSR]  MainThread=2876 Group: Config Invalid configuration of flareSizeEyeSun - must be array at least 1 member!
<model = "acr_a3\acr_a3_characters\beret_ACR.p3d">
No entry 'G:\bin\config.cpp.CfgSkeletonParameters'.
</model>
<model = "acr_a3\acr_a3_characters\boonie_ACR.p3d">
Warning: acr_a3\acr_a3_characters\boonie_acr.p3d:shadow(0), Selection camo needs a section. The shadow volume may not work well.
</model>
<model = "acr_a3\acr_a3_characters\mich2000nogoggles_ACR.p3d">
Warning: Unsupported UVSet 2
Warning: Unsupported UVSet 2
Warning: special LOD contains 2nd UV set.
Warning: Unsupported UVSet 2
Warnings in acr_a3\acr_a3_characters\mich2000nogoggles_acr.p3d:shadow(0)
Warnings in acr_a3\acr_a3_characters\mich2000nogoggles_acr.p3d:shadow(1000)
</model>
<model = "acr_a3\acr_a3_characters\mich2000_ACR.p3d">
Warning: acr_a3\acr_a3_characters\mich2000_acr.p3d:1 Face 916, point 736, face points 736,737,650 - very small normal 0,0,0
Warning: acr_a3\acr_a3_characters\mich2000_acr.p3d:1 Face 1073, point 738, face points 738,739,740 - very small normal 0,0,0
Warning: acr_a3\acr_a3_characters\mich2000_acr.p3d:1 Error while trying to generate ST for points: 737, 736, 650
Warning: acr_a3\acr_a3_characters\mich2000_acr.p3d:1 Error while trying to generate ST for points: 739, 738, 740
Warning: acr_a3\acr_a3_characters\mich2000_acr.p3d:1 Error while trying to generate ST for poinConvert model acr_a3\acr_a3_characters\beret_ACR.p3d -> P:\MyMods\ACR-Mod\Source\temp\acr_a3\acr_a3_characters\beret_ACR.p3d
Convert model acr_a3\acr_a3_characters\boonie_ACR.p3d -> P:\MyMods\ACR-Mod\Source\temp\acr_a3\acr_a3_characters\boonie_ACR.p3d
Convert model acr_a3\acr_a3_characters\mich2000nogoggles_ACR.p3d -> P:\MyMods\ACR-Mod\Source\temp\acr_a3\acr_a3_characters\mich2000nogoggles_ACR.p3d
Convert model acr_a3\acr_a3_characters\mich2000_ACR.p3d -> P:\MyMods\ACR-Mod\Source\temp\acr_a3\acr_a3_characters\mich2000_ACR.p3d
Convert model acr_a3\acr_a3_characters\pakol_ACR.p3d -> P:\MyMods\ACR-Mod\Source\temp\acr_a3\acr_a3_characters\pakol_ACR.p3d
Convert model acr_a3\acr_a3_characters\pakol_mic_ACR.p3d -> P:\MyMods\ACR-Mod\Source\temp\acr_a3\acr_a3_characters\pakol_mic_ACR.p3d
ts: 528, 538, 734
Warning: acr_a3\acr_a3_characters\mich2000_acr.p3d:1 Error while trying to generate ST for points: 523, 528, 734
Warnings in acr_a3\acr_a3_characters\mich2000_acr.p3d:1
Warning: Unsupported UVSet 2
Warning: Unsupported UVSet 2
Warning: special LOD contains 2nd UV set.
Warning: Unsupported UVSet 2
Warnings in acr_a3\acr_a3_characters\mich2000_acr.p3d:shadow(0)
Warnings in acr_a3\acr_a3_characters\mich2000_acr.p3d:shadow(1000)
</model>
<model = "acr_a3\acr_a3_characters\pakol_ACR.p3d">
Warning: Unsupported UVSet 2
Warning: special LOD contains 2nd UV set.
Warning: Unsupported UVSet 2
Warning: acr_a3\acr_a3_characters\pakol_acr.p3d:shadow(0), Selection camo needs a section. The shadow volume may not work well.
Warnings in acr_a3\acr_a3_characters\pakol_acr.p3d:shadow(0)
Warning: 'acr_a3\acr_a3_characters\pakol_acr.p3d': LODs not ordered by face count 2 (3): 96 faces < 3 (4) 96 faces
</model>
<model = "acr_a3\acr_a3_characters\pakol_mic_ACR.p3d">
Warning: Unsupported UVSet 2
Warning: special LOD contains 2nd UV set.
Warning: Unsupported UVSet 2
Warning: acr_a3\acr_a3_characters\pakol_mic_acr.p3d:shadow(0), Selection camo needs a section. The shadow volume may not work well.
Warnings in acr_a3\acr_a3_characters\pakol_mic_acr.p3d:shadow(0)
Warning: 'acr_a3\acr_a3_characters\pakol_mic_acr.p3d': LODs not ordered by face count 2 (3): 96 faces < 3 (4) 96 faces
</model>
