rapify x32UnicodeVersion 1.75, Dll 4.88 "config.cpp"
scanning cfgPatches...ok
No Error(s)
Output is to config.bin

acr_a3\acr_a3_characters\data\ACR_Basicbody.paa
1 File(s) copied
acr_a3\acr_a3_characters\data\ACR_Basicbody_des.paa
1 File(s) copied
acr_a3\acr_a3_characters\data\ACR_Batoh.paa
1 File(s) copied
acr_a3\acr_a3_characters\data\ACR_Batoh02.paa
1 File(s) copied
rapify x32UnicodeVersion 1.75, Dll 4.88 "acr_equip2.rvmat"
No Error(s)
Output is to acr_equip2.rvmat

acr_a3\acr_a3_characters\data\acr_equip2_co.paa
1 File(s) copied
acr_a3\acr_a3_characters\data\ACR_ghillie.paa
1 File(s) copied
acr_a3\acr_a3_characters\data\ACR_ghillie_des.paa
1 File(s) copied
acr_a3\acr_a3_characters\data\ACR_Klobouk95.paa
1 File(s) copied
acr_a3\acr_a3_characters\data\ACR_Klobouk95_des.paa
1 File(s) copied
acr_a3\acr_a3_characters\data\ACR_Ksiltovka95.paa
1 File(s) copied
acr_a3\acr_a3_characters\data\ACR_odznak.paa
1 File(s) copied
acr_a3\acr_a3_characters\data\ACR_Prilba2.paa
1 File(s) copied
acr_a3\acr_a3_characters\data\ACR_Uniforma.paa
1 File(s) copied
rapify x32UnicodeVersion 1.75, Dll 4.88 "ACR_Uniforma.rvmat"
No Error(s)
Output is to ACR_Uniforma.rvmat

acr_a3\acr_a3_characters\data\ACR_Uniforma_as.paa
1 File(s) copied
acr_a3\acr_a3_characters\data\ACR_Uniforma_Des.paa
1 File(s) copied
acr_a3\acr_a3_characters\data\ACR_Uniforma_MOUT.paa
1 File(s) copied
rapify x32UnicodeVersion 1.75, Dll 4.88 "ACR_Uniforma_MOUT.rvmat"
No Error(s)
Output is to ACR_Uniforma_MOUT.rvmat

acr_a3\acr_a3_characters\data\ACR_Uniforma_MOUT_as.paa
1 File(s) copied
acr_a3\acr_a3_characters\data\ACR_Uniforma_MOUT_des.paa
1 File(s) copied
acr_a3\acr_a3_characters\data\ACR_Uniforma_MOUT_nohq.paa
1 File(s) copied
acr_a3\acr_a3_characters\data\ACR_Uniforma_MOUT_smdi.paa
1 File(s) copied
acr_a3\acr_a3_characters\data\ACR_Uniforma_nohq.paa
1 File(s) copied
acr_a3\acr_a3_characters\data\ACR_Uniforma_Offic.paa
1 File(s) copied
acr_a3\acr_a3_characters\data\ACR_Uniforma_Offic_des.paa
1 File(s) copied
acr_a3\acr_a3_characters\data\ACR_Uniforma_Pilot.paa
1 File(s) copied
acr_a3\acr_a3_characters\data\ACR_Uniforma_Pilot_des.paa
1 File(s) copied
acr_a3\acr_a3_characters\data\ACR_Uniforma_smdi.paa
1 File(s) copied
acr_a3\acr_a3_characters\data\ACR_Uniforma_Svetr.paa
1 File(s) copied
acr_a3\acr_a3_characters\data\ACR_Uniforma_Svetr_des.paa
1 File(s) copied
acr_a3\acr_a3_characters\data\ACR_Vesta.paa
1 File(s) copied
acr_a3\acr_a3_characters\data\ACR_Vesta2.paa
1 File(s) copied
acr_a3\acr_a3_characters\data\ACR_Vesta_khk.paa
1 File(s) copied
acr_a3\acr_a3_characters\data\ACR_Vesta_olive.paa
1 File(s) copied
rapify x32UnicodeVersion 1.75, Dll 4.88 "backpack_acr.rvmat"
No Error(s)
Output is to backpack_acr.rvmat

acr_a3\acr_a3_characters\data\backpack_acr_co.paa
1 File(s) copied
rapify x32UnicodeVersion 1.75, Dll 4.88 "coverall.rvmat"
No Error(s)
Output is to coverall.rvmat

acr_a3\acr_a3_characters\data\coverall_as.paa
1 File(s) copied
acr_a3\acr_a3_characters\data\coverall_co.paa
1 File(s) copied
acr_a3\acr_a3_characters\data\coverall_des_co.paa
1 File(s) copied
acr_a3\acr_a3_characters\data\coverall_nohq.paa
1 File(s) copied
acr_a3\acr_a3_characters\data\coverall_smdi.paa
1 File(s) copied
acr_a3\acr_a3_characters\data\env_land_co.paa
1 File(s) copied
rapify x32UnicodeVersion 1.75, Dll 4.88 "equip1.rvmat"
No Error(s)
Output is to equip1.rvmat

acr_a3\acr_a3_characters\data\equip1_as.paa
1 File(s) copied
acr_a3\acr_a3_characters\data\equip1_co.paa
1 File(s) copied
acr_a3\acr_a3_characters\data\equip1_nohq.paa
1 File(s) copied
acr_a3\acr_a3_characters\data\equip1_smdi.paa
1 File(s) copied
acr_a3\acr_a3_characters\data\equip1_ti_ca.paa
1 File(s) copied
rapify x32UnicodeVersion 1.75, Dll 4.88 "equip2.rvmat"
No Error(s)
Output is to equip2.rvmat

acr_a3\acr_a3_characters\data\equip2_as.paa
1 File(s) copied
acr_a3\acr_a3_characters\data\equip2_des_co.paa
1 File(s) copied
acr_a3\acr_a3_characters\data\equip2_nohq.paa
1 File(s) copied
acr_a3\acr_a3_characters\data\equip2_smdi.paa
1 File(s) copied
acr_a3\acr_a3_characters\data\equip2_ti_ca.paa
1 File(s) copied
acr_a3\acr_a3_characters\data\equip2_wood_co.paa
1 File(s) copied
rapify x32UnicodeVersion 1.75, Dll 4.88 "equip3.rvmat"
No Error(s)
Output is to equip3.rvmat

acr_a3\acr_a3_characters\data\equip3_as.paa
1 File(s) copied
acr_a3\acr_a3_characters\data\equip3_co.paa
1 File(s) copied
acr_a3\acr_a3_characters\data\equip3_nohq.paa
1 File(s) copied
acr_a3\acr_a3_characters\data\equip3_smdi.paa
1 File(s) copied
acr_a3\acr_a3_characters\data\equip3_ti_ca.paa
1 File(s) copied
rapify x32UnicodeVersion 1.75, Dll 4.88 "equip4.rvmat"
No Error(s)
Output is to equip4.rvmat

acr_a3\acr_a3_characters\data\equip4_as.paa
1 File(s) copied
acr_a3\acr_a3_characters\data\equip4_co.paa
1 File(s) copied
acr_a3\acr_a3_characters\data\equip4_nohq.paa
1 File(s) copied
acr_a3\acr_a3_characters\data\equip4_smdi.paa
1 File(s) copied
acr_a3\acr_a3_characters\data\equip4_ti_ca.paa
1 File(s) copied
acr_a3\acr_a3_characters\data\equip_ia_vest01_khk_co.paa
1 File(s) copied
rapify x32UnicodeVersion 1.75, Dll 4.88 "gloves.rvmat"
No Error(s)
Output is to gloves.rvmat

acr_a3\acr_a3_characters\data\gloves_co.paa
1 File(s) copied
acr_a3\acr_a3_characters\data\gloves_nohq.paa
1 File(s) copied
acr_a3\acr_a3_characters\data\icon_cz_co.paa
1 File(s) copied
acr_a3\acr_a3_characters\data\insignia\acr_flag.paa
1 File(s) copied
acr_a3\acr_a3_characters\data\insignia\acr_medic.paa
1 File(s) copied
acr_a3\acr_a3_characters\data\insignia\acr_patch.paa
1 File(s) copied
acr_a3\acr_a3_characters\data\insignia\acr_patch2.paa
1 File(s) copied
acr_a3\acr_a3_characters\data\insignia\acr_patch3.paa
1 File(s) copied
acr_a3\acr_a3_characters\data\insignia\blood\AB_Neg.paa
1 File(s) copied
acr_a3\acr_a3_characters\data\insignia\blood\AB_Pos.paa
1 File(s) copied
acr_a3\acr_a3_characters\data\insignia\blood\A_Neg.paa
1 File(s) copied
acr_a3\acr_a3_characters\data\insignia\blood\A_Pos.paa
1 File(s) copied
acr_a3\acr_a3_characters\data\insignia\blood\B_Neg.paa
1 File(s) copied
acr_a3\acr_a3_characters\data\insignia\blood\B_Pos.paa
1 File(s) copied
acr_a3\acr_a3_characters\data\insignia\blood\O_Neg.paa
1 File(s) copied
acr_a3\acr_a3_characters\data\insignia\blood\O_Pos.paa
1 File(s) copied
acr_a3\acr_a3_characters\data\Suitpacks\suitpack_LES.paa
1 File(s) copied
acr_a3\acr_a3_characters\data\Suitpacks\suitpack_MOUT.paa
1 File(s) copied
acr_a3\acr_a3_characters\data\Suitpacks\suitpack_MOUT_des.paa
1 File(s) copied
acr_a3\acr_a3_characters\data\Suitpacks\suitpack_POUST.paa
1 File(s) copied
rapify x32UnicodeVersion 1.75, Dll 4.88 "tactical.rvmat"
No Error(s)
Output is to tactical.rvmat

acr_a3\acr_a3_characters\data\tactical_ca.paa
1 File(s) copied
acr_a3\acr_a3_characters\data\tactical_smdi.paa
1 File(s) copied
acr_a3\acr_a3_characters\data\UI\ikona_ACR_batoh.paa
1 File(s) copied
acr_a3\acr_a3_characters\data\UI\ikona_ACR_batoh02.paa
1 File(s) copied
acr_a3\acr_a3_characters\data\UI\ikona_ACR_beret.paa
1 File(s) copied
acr_a3\acr_a3_characters\data\UI\ikona_ACR_booniefold.paa
1 File(s) copied
acr_a3\acr_a3_characters\data\UI\ikona_ACR_DESERT.paa
1 File(s) copied
acr_a3\acr_a3_characters\data\UI\ikona_ACR_DESERT_triko.paa
1 File(s) copied
acr_a3\acr_a3_characters\data\UI\ikona_ACR_ghillie.paa
1 File(s) copied
acr_a3\acr_a3_characters\data\UI\ikona_ACR_ghillie_des.paa
1 File(s) copied
acr_a3\acr_a3_characters\data\UI\ikona_ACR_helma.paa
1 File(s) copied
acr_a3\acr_a3_characters\data\UI\ikona_ACR_helmabryle.paa
1 File(s) copied
acr_a3\acr_a3_characters\data\UI\ikona_ACR_helmabryle_poust.paa
1 File(s) copied
acr_a3\acr_a3_characters\data\UI\ikona_ACR_helma_poust.paa
1 File(s) copied
acr_a3\acr_a3_characters\data\UI\ikona_ACR_Klobouk95.paa
1 File(s) copied
acr_a3\acr_a3_characters\data\UI\ikona_ACR_Klobouk95_des.paa
1 File(s) copied
acr_a3\acr_a3_characters\data\UI\ikona_ACR_MOUT.paa
1 File(s) copied
acr_a3\acr_a3_characters\data\UI\ikona_ACR_MOUT_des.paa
1 File(s) copied
acr_a3\acr_a3_characters\data\UI\ikona_ACR_officer.paa
1 File(s) copied
acr_a3\acr_a3_characters\data\UI\ikona_ACR_officer_des.paa
1 File(s) copied
acr_a3\acr_a3_characters\data\UI\ikona_ACR_pakol.paa
1 File(s) copied
acr_a3\acr_a3_characters\data\UI\ikona_ACR_pilot.paa
1 File(s) copied
acr_a3\acr_a3_characters\data\UI\ikona_ACR_pilot_des.paa
1 File(s) copied
acr_a3\acr_a3_characters\data\UI\ikona_ACR_rgrhatheadset.paa
1 File(s) copied
acr_a3\acr_a3_characters\data\UI\ikona_ACR_svetr.paa
1 File(s) copied
acr_a3\acr_a3_characters\data\UI\ikona_ACR_svetr_des.paa
1 File(s) copied
acr_a3\acr_a3_characters\data\UI\ikona_ACR_tanhatheadset.paa
1 File(s) copied
acr_a3\acr_a3_characters\data\UI\ikona_ACR_underwear.paa
1 File(s) copied
acr_a3\acr_a3_characters\data\UI\ikona_ACR_Vesta.paa
1 File(s) copied
acr_a3\acr_a3_characters\data\UI\ikona_ACR_Vesta2.paa
1 File(s) copied
acr_a3\acr_a3_characters\data\UI\ikona_ACR_Vesta_khk.paa
1 File(s) copied
acr_a3\acr_a3_characters\data\UI\ikona_ACR_Vesta_olive.paa
1 File(s) copied
acr_a3\acr_a3_characters\data\UI\ikona_ACR_vz95.paa
1 File(s) copied
acr_a3\acr_a3_characters\data\UI\ikona_ACR_vz95_triko.paa
1 File(s) copied
rapify x32UnicodeVersion 1.75, Dll 4.88 "w1_coverall.rvmat"
No Error(s)
Output is to w1_coverall.rvmat

acr_a3\acr_a3_characters\data\w1_coverall_mc.paa
1 File(s) copied
rapify x32UnicodeVersion 1.75, Dll 4.88 "w2_coverall.rvmat"
No Error(s)
Output is to w2_coverall.rvmat

acr_a3\acr_a3_characters\data\w2_coverall_mc.paa
1 File(s) copied
rapify x32UnicodeVersion 1.75, Dll 4.88 "model.cfg"
No Error(s)
acr_a3\acr_a3_characters\texHeaders.bin
1 File(s) copied
Building entries:...
beret_ACR.p3d 
beret_ACR.p3d.dep : ignored or merged
boonie_ACR.p3d 
boonie_ACR.p3d.dep : ignored or merged
config.bin 
coverall.p3d 
coverall.p3d.dep : ignored or merged
ACR_Basicbody.paa 
ACR_Basicbody_des.paa 
ACR_Batoh.paa 
ACR_Batoh02.paa 
acr_equip2.rvmat 
acr_equip2_co.paa 
ACR_ghillie.paa 
ACR_ghillie_des.paa 
ACR_Klobouk95.paa 
ACR_Klobouk95_des.paa 
ACR_Ksiltovka95.paa 
ACR_odznak.paa 
ACR_Prilba2.paa 
ACR_Uniforma.paa 
ACR_Uniforma.rvmat 
ACR_Uniforma_as.paa 
ACR_Uniforma_Des.paa 
ACR_Uniforma_MOUT.paa 
ACR_Uniforma_MOUT.rvmat 
ACR_Uniforma_MOUT_as.paa 
ACR_Uniforma_MOUT_des.paa 
ACR_Uniforma_MOUT_nohq.paa 
ACR_Uniforma_MOUT_smdi.paa 
ACR_Uniforma_nohq.paa 
ACR_Uniforma_Offic.paa 
ACR_Uniforma_Offic_des.paa 
ACR_Uniforma_Pilot.paa 
ACR_Uniforma_Pilot_des.paa 
ACR_Uniforma_smdi.paa 
ACR_Uniforma_Svetr.paa 
ACR_Uniforma_Svetr_des.paa 
ACR_Vesta.paa 
ACR_Vesta2.paa 
ACR_Vesta_khk.paa 
ACR_Vesta_olive.paa 
backpack_acr.rvmat 
backpack_acr_co.paa 
coverall.rvmat 
coverall_as.paa 
coverall_co.paa 
coverall_des_co.paa 
coverall_nohq.paa 
coverall_smdi.paa 
env_land_co.paa 
equip1.rvmat 
equip1_as.paa 
equip1_co.paa 
equip1_nohq.paa 
equip1_smdi.paa 
equip1_ti_ca.paa 
equip2.rvmat 
equip2_as.paa 
equip2_des_co.paa 
equip2_nohq.paa 
equip2_smdi.paa 
equip2_ti_ca.paa 
equip2_wood_co.paa 
equip3.rvmat 
equip3_as.paa 
equip3_co.paa 
equip3_nohq.paa 
equip3_smdi.paa 
equip3_ti_ca.paa 
equip4.rvmat 
equip4_as.paa 
equip4_co.paa 
equip4_nohq.paa 
equip4_smdi.paa 
equip4_ti_ca.paa 
equip_ia_vest01_khk_co.paa 
gloves.rvmat 
gloves_co.paa 
gloves_nohq.paa 
icon_cz_co.paa 
acr_flag.paa 
acr_medic.paa 
acr_patch.paa 
acr_patch2.paa 
acr_patch3.paa 
AB_Neg.paa 
AB_Pos.paa 
A_Neg.paa 
A_Pos.paa 
B_Neg.paa 
B_Pos.paa 
O_Neg.paa 
O_Pos.paa 
suitpack_LES.paa 
suitpack_MOUT.paa 
suitpack_MOUT_des.paa 
suitpack_POUST.paa 
tactical.rvmat 
tactical_ca.paa 
tactical_smdi.paa 
ikona_ACR_batoh.paa 
ikona_ACR_batoh02.paa 
ikona_ACR_beret.paa 
ikona_ACR_booniefold.paa 
ikona_ACR_DESERT.paa 
ikona_ACR_DESERT_triko.paa 
ikona_ACR_ghillie.paa 
ikona_ACR_ghillie_des.paa 
ikona_ACR_helma.paa 
ikona_ACR_helmabryle.paa 
ikona_ACR_helmabryle_poust.paa 
ikona_ACR_helma_poust.paa 
ikona_ACR_Klobouk95.paa 
ikona_ACR_Klobouk95_des.paa 
ikona_ACR_MOUT.paa 
ikona_ACR_MOUT_des.paa 
ikona_ACR_officer.paa 
ikona_ACR_officer_des.paa 
ikona_ACR_pakol.paa 
ikona_ACR_pilot.paa 
ikona_ACR_pilot_des.paa 
ikona_ACR_rgrhatheadset.paa 
ikona_ACR_svetr.paa 
ikona_ACR_svetr_des.paa 
ikona_ACR_tanhatheadset.paa 
ikona_ACR_underwear.paa 
ikona_ACR_Vesta.paa 
ikona_ACR_Vesta2.paa 
ikona_ACR_Vesta_khk.paa 
ikona_ACR_Vesta_olive.paa 
ikona_ACR_vz95.paa 
ikona_ACR_vz95_triko.paa 
w1_coverall.rvmat 
w1_coverall_mc.paa 
w2_coverall.rvmat 
w2_coverall_mc.paa 
mich2000nogoggles_ACR.p3d 
mich2000nogoggles_ACR.p3d.dep : ignored or merged
mich2000_ACR.p3d 
mich2000_ACR.p3d.dep : ignored or merged
pakol_ACR.p3d 
pakol_ACR.p3d.dep : ignored or merged
pakol_mic_ACR.p3d 
pakol_mic_ACR.p3d.dep : ignored or merged
texHeaders.bin 
/*Creating ArmA style pbo:*/
Prefix = acr_a3\acr_a3_characters
beret_ACR.p3d
boonie_ACR.p3d
config.bin
coverall.p3d
data\ACR_Basicbody.paa
data\ACR_Basicbody_des.paa
data\ACR_Batoh.paa
data\ACR_Batoh02.paa
data\acr_equip2.rvmat
data\acr_equip2_co.paa
data\ACR_ghillie.paa
data\ACR_ghillie_des.paa
data\ACR_Klobouk95.paa
data\ACR_Klobouk95_des.paa
data\ACR_Ksiltovka95.paa
data\ACR_odznak.paa
data\ACR_Prilba2.paa
data\ACR_Uniforma.paa
data\ACR_Uniforma.rvmat
data\ACR_Uniforma_as.paa
data\ACR_Uniforma_Des.paa
data\ACR_Uniforma_MOUT.paa
data\ACR_Uniforma_MOUT.rvmat
data\ACR_Uniforma_MOUT_as.paa
data\ACR_Uniforma_MOUT_des.paa
data\ACR_Uniforma_MOUT_nohq.paa
data\ACR_Uniforma_MOUT_smdi.paa
data\ACR_Uniforma_nohq.paa
data\ACR_Uniforma_Offic.paa
data\ACR_Uniforma_Offic_des.paa
data\ACR_Uniforma_Pilot.paa
data\ACR_Uniforma_Pilot_des.paa
data\ACR_Uniforma_smdi.paa
data\ACR_Uniforma_Svetr.paa
data\ACR_Uniforma_Svetr_des.paa
data\ACR_Vesta.paa
data\ACR_Vesta2.paa
data\ACR_Vesta_khk.paa
data\ACR_Vesta_olive.paa
data\backpack_acr.rvmat
data\backpack_acr_co.paa
data\coverall.rvmat
data\coverall_as.paa
data\coverall_co.paa
data\coverall_des_co.paa
data\coverall_nohq.paa
data\coverall_smdi.paa
data\env_land_co.paa
data\equip1.rvmat
data\equip1_as.paa
data\equip1_co.paa
data\equip1_nohq.paa
data\equip1_smdi.paa
data\equip1_ti_ca.paa
data\equip2.rvmat
data\equip2_as.paa
data\equip2_des_co.paa
data\equip2_nohq.paa
data\equip2_smdi.paa
data\equip2_ti_ca.paa
data\equip2_wood_co.paa
data\equip3.rvmat
data\equip3_as.paa
data\equip3_co.paa
data\equip3_nohq.paa
data\equip3_smdi.paa
data\equip3_ti_ca.paa
data\equip4.rvmat
data\equip4_as.paa
data\equip4_co.paa
data\equip4_nohq.paa
data\equip4_smdi.paa
data\equip4_ti_ca.paa
data\equip_ia_vest01_khk_co.paa
data\gloves.rvmat
data\gloves_co.paa
data\gloves_nohq.paa
data\icon_cz_co.paa
data\insignia\acr_flag.paa
data\insignia\acr_medic.paa
data\insignia\acr_patch.paa
data\insignia\acr_patch2.paa
data\insignia\acr_patch3.paa
data\insignia\blood\AB_Neg.paa
data\insignia\blood\AB_Pos.paa
data\insignia\blood\A_Neg.paa
data\insignia\blood\A_Pos.paa
data\insignia\blood\B_Neg.paa
data\insignia\blood\B_Pos.paa
data\insignia\blood\O_Neg.paa
data\insignia\blood\O_Pos.paa
data\Suitpacks\suitpack_LES.paa
data\Suitpacks\suitpack_MOUT.paa
data\Suitpacks\suitpack_MOUT_des.paa
data\Suitpacks\suitpack_POUST.paa
data\tactical.rvmat
data\tactical_ca.paa
data\tactical_smdi.paa
data\UI\ikona_ACR_batoh.paa
data\UI\ikona_ACR_batoh02.paa
data\UI\ikona_ACR_beret.paa
data\UI\ikona_ACR_booniefold.paa
data\UI\ikona_ACR_DESERT.paa
data\UI\ikona_ACR_DESERT_triko.paa
data\UI\ikona_ACR_ghillie.paa
data\UI\ikona_ACR_ghillie_des.paa
data\UI\ikona_ACR_helma.paa
data\UI\ikona_ACR_helmabryle.paa
data\UI\ikona_ACR_helmabryle_poust.paa
data\UI\ikona_ACR_helma_poust.paa
data\UI\ikona_ACR_Klobouk95.paa
data\UI\ikona_ACR_Klobouk95_des.paa
data\UI\ikona_ACR_MOUT.paa
data\UI\ikona_ACR_MOUT_des.paa
data\UI\ikona_ACR_officer.paa
data\UI\ikona_ACR_officer_des.paa
data\UI\ikona_ACR_pakol.paa
data\UI\ikona_ACR_pilot.paa
data\UI\ikona_ACR_pilot_des.paa
data\UI\ikona_ACR_rgrhatheadset.paa
data\UI\ikona_ACR_svetr.paa
data\UI\ikona_ACR_svetr_des.paa
data\UI\ikona_ACR_tanhatheadset.paa
data\UI\ikona_ACR_underwear.paa
data\UI\ikona_ACR_Vesta.paa
data\UI\ikona_ACR_Vesta2.paa
data\UI\ikona_ACR_Vesta_khk.paa
data\UI\ikona_ACR_Vesta_olive.paa
data\UI\ikona_ACR_vz95.paa
data\UI\ikona_ACR_vz95_triko.paa
data\w1_coverall.rvmat
data\w1_coverall_mc.paa
data\w2_coverall.rvmat
data\w2_coverall_mc.paa
mich2000nogoggles_ACR.p3d
mich2000_ACR.p3d
pakol_ACR.p3d
pakol_mic_ACR.p3d
texHeaders.bin
Writing data blocks: ...........................................................................................................................................
Written sha 'EA05C34F2408CA93B8D57210B4823CE22AA3E298'

