rapify Version 1.74, Dll 4.51 "config.cpp"
No Error(s)
Output is to config.bin

1 File(s) copied
1 File(s) copied
1 File(s) copied
1 File(s) copied
1 File(s) copied
1 File(s) copied
1 File(s) copied
1 File(s) copied
1 File(s) copied
1 File(s) copied
1 File(s) copied
1 File(s) copied
rapify Version 1.74, Dll 4.51 "ACR_Uniforma.rvmat"
No Error(s)
Output is to ACR_Uniforma.rvmat

1 File(s) copied
1 File(s) copied
1 File(s) copied
rapify Version 1.74, Dll 4.51 "ACR_Uniforma_MOUT.rvmat"
No Error(s)
Output is to ACR_Uniforma_MOUT.rvmat

1 File(s) copied
1 File(s) copied
1 File(s) copied
1 File(s) copied
1 File(s) copied
1 File(s) copied
1 File(s) copied
1 File(s) copied
1 File(s) copied
1 File(s) copied
1 File(s) copied
1 File(s) copied
1 File(s) copied
1 File(s) copied
1 File(s) copied
1 File(s) copied
1 File(s) copied
rapify Version 1.74, Dll 4.51 "equip1.rvmat"
No Error(s)
Output is to equip1.rvmat

1 File(s) copied
1 File(s) copied
1 File(s) copied
1 File(s) copied
1 File(s) copied
rapify Version 1.74, Dll 4.51 "equip2.rvmat"
No Error(s)
Output is to equip2.rvmat

1 File(s) copied
1 File(s) copied
1 File(s) copied
1 File(s) copied
1 File(s) copied
1 File(s) copied
rapify Version 1.74, Dll 4.51 "equip3.rvmat"
No Error(s)
Output is to equip3.rvmat

1 File(s) copied
1 File(s) copied
1 File(s) copied
1 File(s) copied
1 File(s) copied
rapify Version 1.74, Dll 4.51 "equip4.rvmat"
No Error(s)
Output is to equip4.rvmat

1 File(s) copied
1 File(s) copied
1 File(s) copied
1 File(s) copied
1 File(s) copied
1 File(s) copied
1 File(s) copied
1 File(s) copied
1 File(s) copied
1 File(s) copied
1 File(s) copied
1 File(s) copied
1 File(s) copied
1 File(s) copied
1 File(s) copied
1 File(s) copied
1 File(s) copied
1 File(s) copied
1 File(s) copied
1 File(s) copied
1 File(s) copied
1 File(s) copied
rapify Version 1.74, Dll 4.51 "tactical.rvmat"
No Error(s)
Output is to tactical.rvmat

1 File(s) copied
1 File(s) copied
1 File(s) copied
1 File(s) copied
1 File(s) copied
1 File(s) copied
1 File(s) copied
1 File(s) copied
1 File(s) copied
1 File(s) copied
1 File(s) copied
1 File(s) copied
1 File(s) copied
1 File(s) copied
1 File(s) copied
1 File(s) copied
1 File(s) copied
1 File(s) copied
1 File(s) copied
1 File(s) copied
1 File(s) copied
1 File(s) copied
1 File(s) copied
1 File(s) copied
1 File(s) copied
1 File(s) copied
1 File(s) copied
1 File(s) copied
1 File(s) copied
1 File(s) copied
1 File(s) copied
1 File(s) copied
1 File(s) copied
1 File(s) copied
1 File(s) copied
rapify Version 1.74, Dll 4.51 "model.cfg"
No Error(s)
1 File(s) copied
        1 file(s) copied.
Building entries:...
beret_ACR.p3d 
beret_ACR.p3d.dep excluding
boonie_ACR.p3d 
boonie_ACR.p3d.dep excluding
config.bin 
ACR_Basicbody.paa 
ACR_Basicbody_des.paa 
ACR_Batoh.paa 
ACR_Batoh02.paa 
ACR_ghillie.paa 
ACR_ghillie_des.paa 
ACR_Klobouk95.paa 
ACR_Klobouk95_des.paa 
ACR_Ksiltovka95.paa 
ACR_odznak.paa 
ACR_Prilba2.paa 
ACR_Uniforma.paa 
ACR_Uniforma.rvmat 
ACR_Uniforma_as.paa 
ACR_Uniforma_Des.paa 
ACR_Uniforma_MOUT.paa 
ACR_Uniforma_MOUT.rvmat 
ACR_Uniforma_MOUT_as.paa 
ACR_Uniforma_MOUT_des.paa 
ACR_Uniforma_MOUT_nohq.paa 
ACR_Uniforma_MOUT_smdi.paa 
ACR_Uniforma_nohq.paa 
ACR_Uniforma_Offic.paa 
ACR_Uniforma_Offic_des.paa 
ACR_Uniforma_Pilot.paa 
ACR_Uniforma_Pilot_des.paa 
ACR_Uniforma_smdi.paa 
ACR_Uniforma_Svetr.paa 
ACR_Uniforma_Svetr_des.paa 
ACR_Vesta.paa 
ACR_Vesta2.paa 
ACR_Vesta_khk.paa 
ACR_Vesta_olive.paa 
ACR_Vesta_Tan.paa 
equip1.rvmat 
equip1_as.paa 
equip1_co.paa 
equip1_nohq.paa 
equip1_smdi.paa 
equip1_ti_ca.paa 
equip2.rvmat 
equip2_as.paa 
equip2_co.paa 
equip2_copy_co.paa 
equip2_nohq.paa 
equip2_smdi.paa 
equip2_ti_ca.paa 
equip3.rvmat 
equip3_as.paa 
equip3_co.paa 
equip3_nohq.paa 
equip3_smdi.paa 
equip3_ti_ca.paa 
equip4.rvmat 
equip4_as.paa 
equip4_co.paa 
equip4_nohq.paa 
equip4_smdi.paa 
equip4_ti_ca.paa 
acr_flag.paa 
acr_medic.paa 
acr_patch.paa 
acr_patch2.paa 
acr_patch3.paa 
AB_Neg.paa 
AB_Pos.paa 
A_Neg.paa 
A_Pos.paa 
B_Neg.paa 
B_Pos.paa 
O_Neg.paa 
O_Pos.paa 
suitpack_LES.paa 
suitpack_MOUT.paa 
suitpack_MOUT_des.paa 
suitpack_POUST.paa 
tactical.rvmat 
tactical_ca.paa 
tactical_smdi.paa 
tajny projekt.paa 
ikona_ACR_batoh.paa 
ikona_ACR_batoh02.paa 
ikona_ACR_beret.paa 
ikona_ACR_booniefold.paa 
ikona_ACR_DESERT.paa 
ikona_ACR_DESERT_triko.paa 
ikona_ACR_ghillie.paa 
ikona_ACR_ghillie_des.paa 
ikona_ACR_helma.paa 
ikona_ACR_helmabryle.paa 
ikona_ACR_helmabryle_poust.paa 
ikona_ACR_helma_poust.paa 
ikona_ACR_Klobouk95.paa 
ikona_ACR_Klobouk95_des.paa 
ikona_ACR_MOUT.paa 
ikona_ACR_MOUT_des.paa 
ikona_ACR_officer.paa 
ikona_ACR_officer_des.paa 
ikona_ACR_pakol.paa 
ikona_ACR_pilot.paa 
ikona_ACR_pilot_des.paa 
ikona_ACR_rgrhatheadset.paa 
ikona_ACR_svetr.paa 
ikona_ACR_svetr_des.paa 
ikona_ACR_tanhatheadset.paa 
ikona_ACR_underwear.paa 
ikona_ACR_Vesta.paa 
ikona_ACR_Vesta2.paa 
ikona_ACR_Vesta_khk.paa 
ikona_ACR_Vesta_olive.paa 
ikona_ACR_vz95.paa 
ikona_ACR_vz95_triko.paa 
mich2000nogoggles_ACR.p3d 
mich2000nogoggles_ACR.p3d.dep excluding
mich2000_ACR.p3d 
mich2000_ACR.p3d.dep excluding
pakol_ACR.p3d 
pakol_ACR.p3d.dep excluding
pakol_mic_ACR.p3d 
pakol_mic_ACR.p3d.dep excluding
texHeaders.bin 
/*Creating ArmA style pbo:*/
Prefix = acr_a3_characters
beret_ACR.p3d
boonie_ACR.p3d
config.bin
data\ACR_Basicbody.paa
data\ACR_Basicbody_des.paa
data\ACR_Batoh.paa
data\ACR_Batoh02.paa
data\ACR_ghillie.paa
data\ACR_ghillie_des.paa
data\ACR_Klobouk95.paa
data\ACR_Klobouk95_des.paa
data\ACR_Ksiltovka95.paa
data\ACR_odznak.paa
data\ACR_Prilba2.paa
data\ACR_Uniforma.paa
data\ACR_Uniforma.rvmat
data\ACR_Uniforma_as.paa
data\ACR_Uniforma_Des.paa
data\ACR_Uniforma_MOUT.paa
data\ACR_Uniforma_MOUT.rvmat
data\ACR_Uniforma_MOUT_as.paa
data\ACR_Uniforma_MOUT_des.paa
data\ACR_Uniforma_MOUT_nohq.paa
data\ACR_Uniforma_MOUT_smdi.paa
data\ACR_Uniforma_nohq.paa
data\ACR_Uniforma_Offic.paa
data\ACR_Uniforma_Offic_des.paa
data\ACR_Uniforma_Pilot.paa
data\ACR_Uniforma_Pilot_des.paa
data\ACR_Uniforma_smdi.paa
data\ACR_Uniforma_Svetr.paa
data\ACR_Uniforma_Svetr_des.paa
data\ACR_Vesta.paa
data\ACR_Vesta2.paa
data\ACR_Vesta_khk.paa
data\ACR_Vesta_olive.paa
data\ACR_Vesta_Tan.paa
data\equip1.rvmat
data\equip1_as.paa
data\equip1_co.paa
data\equip1_nohq.paa
data\equip1_smdi.paa
data\equip1_ti_ca.paa
data\equip2.rvmat
data\equip2_as.paa
data\equip2_co.paa
data\equip2_copy_co.paa
data\equip2_nohq.paa
data\equip2_smdi.paa
data\equip2_ti_ca.paa
data\equip3.rvmat
data\equip3_as.paa
data\equip3_co.paa
data\equip3_nohq.paa
data\equip3_smdi.paa
data\equip3_ti_ca.paa
data\equip4.rvmat
data\equip4_as.paa
data\equip4_co.paa
data\equip4_nohq.paa
data\equip4_smdi.paa
data\equip4_ti_ca.paa
data\insignia\acr_flag.paa
data\insignia\acr_medic.paa
data\insignia\acr_patch.paa
data\insignia\acr_patch2.paa
data\insignia\acr_patch3.paa
data\insignia\blood\AB_Neg.paa
data\insignia\blood\AB_Pos.paa
data\insignia\blood\A_Neg.paa
data\insignia\blood\A_Pos.paa
data\insignia\blood\B_Neg.paa
data\insignia\blood\B_Pos.paa
data\insignia\blood\O_Neg.paa
data\insignia\blood\O_Pos.paa
data\Suitpacks\suitpack_LES.paa
data\Suitpacks\suitpack_MOUT.paa
data\Suitpacks\suitpack_MOUT_des.paa
data\Suitpacks\suitpack_POUST.paa
data\tactical.rvmat
data\tactical_ca.paa
data\tactical_smdi.paa
data\tajny projekt.paa
data\UI\ikona_ACR_batoh.paa
data\UI\ikona_ACR_batoh02.paa
data\UI\ikona_ACR_beret.paa
data\UI\ikona_ACR_booniefold.paa
data\UI\ikona_ACR_DESERT.paa
data\UI\ikona_ACR_DESERT_triko.paa
data\UI\ikona_ACR_ghillie.paa
data\UI\ikona_ACR_ghillie_des.paa
data\UI\ikona_ACR_helma.paa
data\UI\ikona_ACR_helmabryle.paa
data\UI\ikona_ACR_helmabryle_poust.paa
data\UI\ikona_ACR_helma_poust.paa
data\UI\ikona_ACR_Klobouk95.paa
data\UI\ikona_ACR_Klobouk95_des.paa
data\UI\ikona_ACR_MOUT.paa
data\UI\ikona_ACR_MOUT_des.paa
data\UI\ikona_ACR_officer.paa
data\UI\ikona_ACR_officer_des.paa
data\UI\ikona_ACR_pakol.paa
data\UI\ikona_ACR_pilot.paa
data\UI\ikona_ACR_pilot_des.paa
data\UI\ikona_ACR_rgrhatheadset.paa
data\UI\ikona_ACR_svetr.paa
data\UI\ikona_ACR_svetr_des.paa
data\UI\ikona_ACR_tanhatheadset.paa
data\UI\ikona_ACR_underwear.paa
data\UI\ikona_ACR_Vesta.paa
data\UI\ikona_ACR_Vesta2.paa
data\UI\ikona_ACR_Vesta_khk.paa
data\UI\ikona_ACR_Vesta_olive.paa
data\UI\ikona_ACR_vz95.paa
data\UI\ikona_ACR_vz95_triko.paa
mich2000nogoggles_ACR.p3d
mich2000_ACR.p3d
pakol_ACR.p3d
pakol_mic_ACR.p3d
texHeaders.bin
Writing data blocks: ........................................................................................................................
Writing sha 'EF3CFEC8A5D2EC6AAE40A9969CA9ED23105FD682'

