rapify x32UnicodeVersion 1.75, Dll 4.88 "model.cfg"
No Error(s)
acr_a3\acr_a3_vehicles\bmp2\cfgFunctions.hpp
1 File(s) copied
acr_a3\acr_a3_vehicles\bmp2\cfgMoves.hpp
1 File(s) copied
acr_a3\acr_a3_vehicles\bmp2\cfgRsc.hpp
1 File(s) copied
acr_a3\acr_a3_vehicles\bmp2\CfgVehicles.hpp
1 File(s) copied
acr_a3\acr_a3_vehicles\bmp2\cfgWeapons.hpp
1 File(s) copied
rapify x32UnicodeVersion 1.75, Dll 4.88 "config.cpp"
scanning cfgPatches...ok (altered)
No Error(s)
Output is to config.bin

acr_a3\acr_a3_vehicles\bmp2\data\ah64d_glass_ti_ca.paa
1 File(s) copied
rapify x32UnicodeVersion 1.75, Dll 4.88 "BMP2_01.rvmat"
No Error(s)
Output is to BMP2_01.rvmat

acr_a3\acr_a3_vehicles\bmp2\data\bmp2_01_acr_co.paa
1 File(s) copied
acr_a3\acr_a3_vehicles\bmp2\data\bmp2_01_acr_des_co.paa
1 File(s) copied
acr_a3\acr_a3_vehicles\bmp2\data\bmp2_01_as.paa
1 File(s) copied
rapify x32UnicodeVersion 1.75, Dll 4.88 "BMP2_01_damage.rvmat"
No Error(s)
Output is to BMP2_01_damage.rvmat

rapify x32UnicodeVersion 1.75, Dll 4.88 "BMP2_01_destruct.rvmat"
No Error(s)
Output is to BMP2_01_destruct.rvmat

acr_a3\acr_a3_vehicles\bmp2\data\bmp2_01_nohq.paa
1 File(s) copied
acr_a3\acr_a3_vehicles\bmp2\data\bmp2_01_smdi.paa
1 File(s) copied
acr_a3\acr_a3_vehicles\bmp2\data\bmp2_01_ti_ca.paa
1 File(s) copied
rapify x32UnicodeVersion 1.75, Dll 4.88 "BMP2_02.rvmat"
No Error(s)
Output is to BMP2_02.rvmat

acr_a3\acr_a3_vehicles\bmp2\data\bmp2_02_acr_co.paa
1 File(s) copied
acr_a3\acr_a3_vehicles\bmp2\data\bmp2_02_acr_des_co.paa
1 File(s) copied
acr_a3\acr_a3_vehicles\bmp2\data\bmp2_02_as.paa
1 File(s) copied
rapify x32UnicodeVersion 1.75, Dll 4.88 "BMP2_02_damage.rvmat"
No Error(s)
Output is to BMP2_02_damage.rvmat

rapify x32UnicodeVersion 1.75, Dll 4.88 "BMP2_02_destruct.rvmat"
No Error(s)
Output is to BMP2_02_destruct.rvmat

acr_a3\acr_a3_vehicles\bmp2\data\bmp2_02_nohq.paa
1 File(s) copied
acr_a3\acr_a3_vehicles\bmp2\data\bmp2_02_smdi.paa
1 File(s) copied
acr_a3\acr_a3_vehicles\bmp2\data\bmp2_02_ti_ca.paa
1 File(s) copied
rapify x32UnicodeVersion 1.75, Dll 4.88 "bmp2_interier.rvmat"
No Error(s)
Output is to bmp2_interier.rvmat

acr_a3\acr_a3_vehicles\bmp2\data\bmp2_interier_as.paa
1 File(s) copied
acr_a3\acr_a3_vehicles\bmp2\data\bmp2_interier_co.paa
1 File(s) copied
acr_a3\acr_a3_vehicles\bmp2\data\bmp2_interier_nohq.paa
1 File(s) copied
acr_a3\acr_a3_vehicles\bmp2\data\bmp2_interier_smdi.paa
1 File(s) copied
acr_a3\acr_a3_vehicles\bmp2\data\bmp2_inter_opt_co.paa
1 File(s) copied
acr_a3\acr_a3_vehicles\bmp2\data\bmp2_inter_opt_nohq.paa
1 File(s) copied
acr_a3\acr_a3_vehicles\bmp2\data\bmp2_inter_opt_smdi.paa
1 File(s) copied
rapify x32UnicodeVersion 1.75, Dll 4.88 "bmp2_int_opt.rvmat"
No Error(s)
Output is to bmp2_int_opt.rvmat

rapify x32UnicodeVersion 1.75, Dll 4.88 "bmp2_pasy.rvmat"
No Error(s)
Output is to bmp2_pasy.rvmat

rapify x32UnicodeVersion 1.75, Dll 4.88 "bmp2_pasy_damage.rvmat"
No Error(s)
Output is to bmp2_pasy_damage.rvmat

rapify x32UnicodeVersion 1.75, Dll 4.88 "bmp2_pasy_destruct.rvmat"
No Error(s)
Output is to bmp2_pasy_destruct.rvmat

acr_a3\acr_a3_vehicles\bmp2\data\bmp2_track_co.paa
1 File(s) copied
acr_a3\acr_a3_vehicles\bmp2\data\bmp2_track_nohq.paa
1 File(s) copied
acr_a3\acr_a3_vehicles\bmp2\data\bmp2_track_smdi.paa
1 File(s) copied
acr_a3\acr_a3_vehicles\bmp2\data\bmp2_track_ti_ca.paa
1 File(s) copied
acr_a3\acr_a3_vehicles\bmp2\data\bmp_gun_ca.paa
1 File(s) copied
rapify x32UnicodeVersion 1.75, Dll 4.88 "bmp_hq.rvmat"
No Error(s)
Output is to bmp_hq.rvmat

acr_a3\acr_a3_vehicles\bmp2\data\bmp_hq_as.paa
1 File(s) copied
acr_a3\acr_a3_vehicles\bmp2\data\bmp_hq_co.paa
1 File(s) copied
rapify x32UnicodeVersion 1.75, Dll 4.88 "bmp_hq_damage.rvmat"
No Error(s)
Output is to bmp_hq_damage.rvmat

rapify x32UnicodeVersion 1.75, Dll 4.88 "bmp_hq_destruct.rvmat"
No Error(s)
Output is to bmp_hq_destruct.rvmat

acr_a3\acr_a3_vehicles\bmp2\data\bmp_hq_nohq.paa
1 File(s) copied
acr_a3\acr_a3_vehicles\bmp2\data\bmp_hq_smdi.paa
1 File(s) copied
acr_a3\acr_a3_vehicles\bmp2\data\bmp_hq_ti_ca.paa
1 File(s) copied
acr_a3\acr_a3_vehicles\bmp2\data\bpk_1_42N_sight.paa
1 File(s) copied
acr_a3\acr_a3_vehicles\bmp2\data\bpk_1_42_bar.paa
1 File(s) copied
acr_a3\acr_a3_vehicles\bmp2\data\bpk_1_42_sight.paa
1 File(s) copied
acr_a3\acr_a3_vehicles\bmp2\data\default_vehicle_ti_ca.paa
1 File(s) copied
rapify x32UnicodeVersion 1.75, Dll 4.88 "deska.rvmat"
No Error(s)
Output is to deska.rvmat

acr_a3\acr_a3_vehicles\bmp2\data\deska_co.paa
1 File(s) copied
acr_a3\acr_a3_vehicles\bmp2\data\deska_nohq.paa
1 File(s) copied
acr_a3\acr_a3_vehicles\bmp2\data\gun_elevate2.wss
1 File(s) copied
acr_a3\acr_a3_vehicles\bmp2\data\Ico\bmp2_ambulance_ca.paa
1 File(s) copied
acr_a3\acr_a3_vehicles\bmp2\data\Ico\bmp2_ca.paa
1 File(s) copied
rapify x32UnicodeVersion 1.75, Dll 4.88 "int_det.rvmat"
No Error(s)
Output is to int_det.rvmat

acr_a3\acr_a3_vehicles\bmp2\data\int_det_as.paa
1 File(s) copied
acr_a3\acr_a3_vehicles\bmp2\data\int_det_co.paa
1 File(s) copied
acr_a3\acr_a3_vehicles\bmp2\data\int_det_nohq.paa
1 File(s) copied
acr_a3\acr_a3_vehicles\bmp2\data\int_det_smdi.paa
1 File(s) copied
acr_a3\acr_a3_vehicles\bmp2\data\m24_crosshair_ca.paa
1 File(s) copied
acr_a3\acr_a3_vehicles\bmp2\data\map_ico\icomap_bmp2_ca.paa
1 File(s) copied
acr_a3\acr_a3_vehicles\bmp2\data\map_ico\icomap_bmp2_hq_ca.paa
1 File(s) copied
acr_a3\acr_a3_vehicles\bmp2\data\map_ico\icomap_bmp2_m_ca.paa
1 File(s) copied
rapify x32UnicodeVersion 1.75, Dll 4.88 "pg9.rvmat"
No Error(s)
Output is to pg9.rvmat

acr_a3\acr_a3_vehicles\bmp2\data\pg9_co.paa
1 File(s) copied
acr_a3\acr_a3_vehicles\bmp2\data\pg9_nohq.paa
1 File(s) copied
acr_a3\acr_a3_vehicles\bmp2\data\pg9_smdi.paa
1 File(s) copied
rapify x32UnicodeVersion 1.75, Dll 4.88 "pkm.rvmat"
No Error(s)
Output is to pkm.rvmat

acr_a3\acr_a3_vehicles\bmp2\data\pkm_co.paa
1 File(s) copied
acr_a3\acr_a3_vehicles\bmp2\data\pkm_nohq.paa
1 File(s) copied
acr_a3\acr_a3_vehicles\bmp2\data\pkm_smdi.paa
1 File(s) copied
acr_a3\acr_a3_vehicles\bmp2\data\pkm_ti_ca.paa
1 File(s) copied
acr_a3\acr_a3_vehicles\bmp2\data\plech_dt.paa
1 File(s) copied
acr_a3\acr_a3_vehicles\bmp2\data\t72_com_cross_ca.paa
1 File(s) copied
acr_a3\acr_a3_vehicles\bmp2\data\tank_ring_5x.paa
1 File(s) copied
rapify x32UnicodeVersion 1.75, Dll 4.88 "trup_ext.rvmat"
No Error(s)
Output is to trup_ext.rvmat

acr_a3\acr_a3_vehicles\bmp2\data\trup_ext0_as.paa
1 File(s) copied
acr_a3\acr_a3_vehicles\bmp2\data\trup_ext0_co.paa
1 File(s) copied
acr_a3\acr_a3_vehicles\bmp2\data\trup_ext0_nohq.paa
1 File(s) copied
acr_a3\acr_a3_vehicles\bmp2\data\trup_ext0_smdi.paa
1 File(s) copied
acr_a3\acr_a3_vehicles\bmp2\data\trup_ext0_tak_co.paa
1 File(s) copied
acr_a3\acr_a3_vehicles\bmp2\data\trup_ext0_ti_ca.paa
1 File(s) copied
rapify x32UnicodeVersion 1.75, Dll 4.88 "trup_int.rvmat"
No Error(s)
Output is to trup_int.rvmat

acr_a3\acr_a3_vehicles\bmp2\data\trup_int_as.paa
1 File(s) copied
acr_a3\acr_a3_vehicles\bmp2\data\trup_int_co.paa
1 File(s) copied
acr_a3\acr_a3_vehicles\bmp2\data\trup_int_nohq.paa
1 File(s) copied
acr_a3\acr_a3_vehicles\bmp2\data\trup_int_smdi.paa
1 File(s) copied
acr_a3\acr_a3_vehicles\bmp2\gun73.wss
1 File(s) copied
acr_a3\acr_a3_vehicles\bmp2\javelin1.wss
1 File(s) copied
rapify x32UnicodeVersion 1.75, Dll 4.88 "model.cfg"
No Error(s)
rapify x32UnicodeVersion 1.75, Dll 4.88 "armor_11mm_plate.rvmat"
No Error(s)
Output is to armor_11mm_plate.rvmat

rapify x32UnicodeVersion 1.75, Dll 4.88 "Armor_16mm_plate.bisurf"
No Error(s)
Output is to Armor_16mm_plate.bisurf

rapify x32UnicodeVersion 1.75, Dll 4.88 "armor_16mm_plate.rvmat"
No Error(s)
Output is to armor_16mm_plate.rvmat

rapify x32UnicodeVersion 1.75, Dll 4.88 "armor_19mm_plate.bisurf"
No Error(s)
Output is to armor_19mm_plate.bisurf

rapify x32UnicodeVersion 1.75, Dll 4.88 "armor_19mm_plate.rvmat"
No Error(s)
Output is to armor_19mm_plate.rvmat

rapify x32UnicodeVersion 1.75, Dll 4.88 "Armor_1mm_plate.bisurf"
No Error(s)
Output is to Armor_1mm_plate.bisurf

rapify x32UnicodeVersion 1.75, Dll 4.88 "armor_1mm_plate.rvmat"
No Error(s)
Output is to armor_1mm_plate.rvmat

rapify x32UnicodeVersion 1.75, Dll 4.88 "armor_23mm_plate.rvmat"
No Error(s)
Output is to armor_23mm_plate.rvmat

rapify x32UnicodeVersion 1.75, Dll 4.88 "armor_30mm_plate.rvmat"
No Error(s)
Output is to armor_30mm_plate.rvmat

rapify x32UnicodeVersion 1.75, Dll 4.88 "Armor_3mm_plate.bisurf"
No Error(s)
Output is to Armor_3mm_plate.bisurf

rapify x32UnicodeVersion 1.75, Dll 4.88 "armor_3mm_plate.rvmat"
No Error(s)
Output is to armor_3mm_plate.rvmat

rapify x32UnicodeVersion 1.75, Dll 4.88 "Armor_5mm_plate.bisurf"
No Error(s)
Output is to Armor_5mm_plate.bisurf

rapify x32UnicodeVersion 1.75, Dll 4.88 "Armor_7mm_plate.bisurf"
No Error(s)
Output is to Armor_7mm_plate.bisurf

rapify x32UnicodeVersion 1.75, Dll 4.88 "armor_7mm_plate.rvmat"
No Error(s)
Output is to armor_7mm_plate.rvmat

rapify x32UnicodeVersion 1.75, Dll 4.88 "iron.rvmat"
No Error(s)
Output is to iron.rvmat

acr_a3\acr_a3_vehicles\bmp2\physX.hpp
1 File(s) copied
acr_a3\acr_a3_vehicles\bmp2\pip.hpp
1 File(s) copied
acr_a3\acr_a3_vehicles\bmp2\pip2.hpp
1 File(s) copied
acr_a3\acr_a3_vehicles\bmp2\RDS_sight_BMP2.sqf
1 File(s) copied
rapify x32UnicodeVersion 1.75, Dll 4.88 "config.cpp"
scanning cfgPatches...ok
No Error(s)
Output is to config.bin

rapify x32UnicodeVersion 1.75, Dll 4.88 "config.cpp"
scanning cfgPatches...ok
No Error(s)
Output is to config.bin

acr_a3\acr_a3_vehicles\dingo\data\ACR_DES_a_teile_co.paa
1 File(s) copied
acr_a3\acr_a3_vehicles\dingo\data\ACR_karosse_des_co.paa
1 File(s) copied
acr_a3\acr_a3_vehicles\dingo\data\acr_karosse_wdl_co.paa
1 File(s) copied
acr_a3\acr_a3_vehicles\dingo\data\alpha_ca.paa
1 File(s) copied
rapify x32UnicodeVersion 1.75, Dll 4.88 "alpha_glass.rvmat"
No Error(s)
Output is to alpha_glass.rvmat

rapify x32UnicodeVersion 1.75, Dll 4.88 "alpha_glass_dam.rvmat"
No Error(s)
Output is to alpha_glass_dam.rvmat

rapify x32UnicodeVersion 1.75, Dll 4.88 "alpha_glass_des.rvmat"
No Error(s)
Output is to alpha_glass_des.rvmat

acr_a3\acr_a3_vehicles\dingo\data\alpha_nohq.paa
1 File(s) copied
acr_a3\acr_a3_vehicles\dingo\data\alpha_ti_ca.paa
1 File(s) copied
acr_a3\acr_a3_vehicles\dingo\data\a_teile_as.paa
1 File(s) copied
acr_a3\acr_a3_vehicles\dingo\data\a_teile_co.paa
1 File(s) copied
acr_a3\acr_a3_vehicles\dingo\data\a_teile_nohq.paa
1 File(s) copied
acr_a3\acr_a3_vehicles\dingo\data\a_teile_smdi.paa
1 File(s) copied
acr_a3\acr_a3_vehicles\dingo\data\a_teile_ti_ca.paa
1 File(s) copied
acr_a3\acr_a3_vehicles\dingo\data\bis_klan.paa
1 File(s) copied
acr_a3\acr_a3_vehicles\dingo\data\budiky_co.paa
1 File(s) copied
acr_a3\acr_a3_vehicles\dingo\data\budiky_nohq.paa
1 File(s) copied
acr_a3\acr_a3_vehicles\dingo\data\budiky_smdi.paa
1 File(s) copied
rapify x32UnicodeVersion 1.75, Dll 4.88 "cabin.rvmat"
No Error(s)
Output is to cabin.rvmat

acr_a3\acr_a3_vehicles\dingo\data\cabin_co.paa
1 File(s) copied
acr_a3\acr_a3_vehicles\dingo\data\cabin_NOHQ.paa
1 File(s) copied
acr_a3\acr_a3_vehicles\dingo\data\cabin_SMDI.paa
1 File(s) copied
acr_a3\acr_a3_vehicles\dingo\data\cabin_ti_ca.paa
1 File(s) copied
acr_a3\acr_a3_vehicles\dingo\data\carflare_ca.paa
1 File(s) copied
rapify x32UnicodeVersion 1.75, Dll 4.88 "damagewheel3.rvmat"
No Error(s)
Output is to damagewheel3.rvmat

acr_a3\acr_a3_vehicles\dingo\data\damagewheel\data\damagewheel3_as.paa
1 File(s) copied
acr_a3\acr_a3_vehicles\dingo\data\damagewheel\data\damagewheel3_co.paa
1 File(s) copied
acr_a3\acr_a3_vehicles\dingo\data\damagewheel\data\damagewheel3_nohq.paa
1 File(s) copied
rapify x32UnicodeVersion 1.75, Dll 4.88 "default.rvmat"
No Error(s)
Output is to default.rvmat

rapify x32UnicodeVersion 1.75, Dll 4.88 "default_flash_2pass_notiwrite.rvmat"
No Error(s)
Output is to default_flash_2pass_notiwrite.rvmat

rapify x32UnicodeVersion 1.75, Dll 4.88 "default_notiwrite.rvmat"
No Error(s)
Output is to default_notiwrite.rvmat

acr_a3\acr_a3_vehicles\dingo\data\default_vehicle_ti_ca.paa
1 File(s) copied
acr_a3\acr_a3_vehicles\dingo\data\destruct\damage_metal_basicarmor_dt.paa
1 File(s) copied
acr_a3\acr_a3_vehicles\dingo\data\destruct\destruct_plech_full_dt.paa
1 File(s) copied
acr_a3\acr_a3_vehicles\dingo\data\destruct\destruct_plech_full_mc.paa
1 File(s) copied
acr_a3\acr_a3_vehicles\dingo\data\destruct\destruct_plech_full_smdi.paa
1 File(s) copied
acr_a3\acr_a3_vehicles\dingo\data\destruct\destruct_plech_half_smdi.paa
1 File(s) copied
acr_a3\acr_a3_vehicles\dingo\data\destruct\destruct_rubber_half_dt.paa
1 File(s) copied
acr_a3\acr_a3_vehicles\dingo\data\destruct\destruct_rubber_half_mc.paa
1 File(s) copied
acr_a3\acr_a3_vehicles\dingo\data\destruct\destr_glass_armour2_full_ca.paa
1 File(s) copied
acr_a3\acr_a3_vehicles\dingo\data\destruct\destr_glass_armour2_full_nohq.paa
1 File(s) copied
acr_a3\acr_a3_vehicles\dingo\data\destruct\destr_glass_armour2_full_smdi.paa
1 File(s) copied
acr_a3\acr_a3_vehicles\dingo\data\destruct\destr_glass_armour2_half_ca.paa
1 File(s) copied
acr_a3\acr_a3_vehicles\dingo\data\destruct\metal_rough_half_dt.paa
1 File(s) copied
acr_a3\acr_a3_vehicles\dingo\data\destruct_ti_ca.paa
1 File(s) copied
acr_a3\acr_a3_vehicles\dingo\data\detail_maps\plastic1_512_dt.paa
1 File(s) copied
rapify x32UnicodeVersion 1.75, Dll 4.88 "dingo_int_plast.rvmat"
No Error(s)
Output is to dingo_int_plast.rvmat

acr_a3\acr_a3_vehicles\dingo\data\env_land_co.paa
1 File(s) copied
acr_a3\acr_a3_vehicles\dingo\data\env_mirror_co.paa
1 File(s) copied
acr_a3\acr_a3_vehicles\dingo\data\flares\redlight_ca.paa
1 File(s) copied
rapify x32UnicodeVersion 1.75, Dll 4.88 "flw100.rvmat"
No Error(s)
Output is to flw100.rvmat

acr_a3\acr_a3_vehicles\dingo\data\FLW100_co.paa
1 File(s) copied
acr_a3\acr_a3_vehicles\dingo\data\FLW100_DES_co.paa
1 File(s) copied
acr_a3\acr_a3_vehicles\dingo\data\FLW100_NOHQ.paa
1 File(s) copied
acr_a3\acr_a3_vehicles\dingo\data\FLW100_SMDI.paa
1 File(s) copied
acr_a3\acr_a3_vehicles\dingo\data\flw100_ti_ca.paa
1 File(s) copied
rapify x32UnicodeVersion 1.75, Dll 4.88 "FLW200.rvmat"
No Error(s)
Output is to FLW200.rvmat

acr_a3\acr_a3_vehicles\dingo\data\FLW200_as.paa
1 File(s) copied
acr_a3\acr_a3_vehicles\dingo\data\FLW200_co.paa
1 File(s) copied
rapify x32UnicodeVersion 1.75, Dll 4.88 "FLW200_dam.rvmat"
No Error(s)
Output is to FLW200_dam.rvmat

rapify x32UnicodeVersion 1.75, Dll 4.88 "FLW200_des.rvmat"
No Error(s)
Output is to FLW200_des.rvmat

acr_a3\acr_a3_vehicles\dingo\data\FLW200_DES_co.paa
1 File(s) copied
acr_a3\acr_a3_vehicles\dingo\data\flw200_nohq.paa
1 File(s) copied
acr_a3\acr_a3_vehicles\dingo\data\FLW200_smdi.paa
1 File(s) copied
acr_a3\acr_a3_vehicles\dingo\data\flw200_ti_ca.paa
1 File(s) copied
acr_a3\acr_a3_vehicles\dingo\data\icon_dingo2_ca.paa
1 File(s) copied
rapify x32UnicodeVersion 1.75, Dll 4.88 "innen_gitter.rvmat"
No Error(s)
Output is to innen_gitter.rvmat

acr_a3\acr_a3_vehicles\dingo\data\Innen_teile2_as.paa
1 File(s) copied
acr_a3\acr_a3_vehicles\dingo\data\innen_teile2_co.paa
1 File(s) copied
acr_a3\acr_a3_vehicles\dingo\data\Innen_teile2_nohq.paa
1 File(s) copied
acr_a3\acr_a3_vehicles\dingo\data\Innen_teile2_smdi.paa
1 File(s) copied
acr_a3\acr_a3_vehicles\dingo\data\Innen_teile2_ti_ca.paa
1 File(s) copied
acr_a3\acr_a3_vehicles\dingo\data\ka50_optika_tv_ca.paa
1 File(s) copied
acr_a3\acr_a3_vehicles\dingo\data\karosse2_as.paa
1 File(s) copied
acr_a3\acr_a3_vehicles\dingo\data\karosse_as.paa
1 File(s) copied
acr_a3\acr_a3_vehicles\dingo\data\karosse_co.paa
1 File(s) copied
acr_a3\acr_a3_vehicles\dingo\data\karosse_nohq.paa
1 File(s) copied
acr_a3\acr_a3_vehicles\dingo\data\karosse_smdi.paa
1 File(s) copied
acr_a3\acr_a3_vehicles\dingo\data\karosse_ti_ca.paa
1 File(s) copied
rapify x32UnicodeVersion 1.75, Dll 4.88 "karrosse.rvmat"
No Error(s)
Output is to karrosse.rvmat

rapify x32UnicodeVersion 1.75, Dll 4.88 "karrosse_dam.rvmat"
No Error(s)
Output is to karrosse_dam.rvmat

rapify x32UnicodeVersion 1.75, Dll 4.88 "karrosse_des.rvmat"
No Error(s)
Output is to karrosse_des.rvmat

rapify x32UnicodeVersion 1.75, Dll 4.88 "karrosse_innen.rvmat"
No Error(s)
Output is to karrosse_innen.rvmat

rapify x32UnicodeVersion 1.75, Dll 4.88 "karrosse_innen_des.rvmat"
No Error(s)
Output is to karrosse_innen_des.rvmat

acr_a3\acr_a3_vehicles\dingo\data\m24_crosshair_ca.paa
1 File(s) copied
rapify x32UnicodeVersion 1.75, Dll 4.88 "mg3_v.rvmat"
No Error(s)
Output is to mg3_v.rvmat

acr_a3\acr_a3_vehicles\dingo\data\mg3_v_co.paa
1 File(s) copied
acr_a3\acr_a3_vehicles\dingo\data\MG3_V_nohq.paa
1 File(s) copied
acr_a3\acr_a3_vehicles\dingo\data\mg3_v_ti_ca.paa
1 File(s) copied
rapify x32UnicodeVersion 1.75, Dll 4.88 "mirror.rvmat"
No Error(s)
Output is to mirror.rvmat

acr_a3\acr_a3_vehicles\dingo\data\optic\rws_cross_ca.paa
1 File(s) copied
rapify x32UnicodeVersion 1.75, Dll 4.88 "armor_5mm_plate.bisurf"
No Error(s)
Output is to armor_5mm_plate.bisurf

rapify x32UnicodeVersion 1.75, Dll 4.88 "armor_5mm_plate.rvmat"
No Error(s)
Output is to armor_5mm_plate.rvmat

rapify x32UnicodeVersion 1.75, Dll 4.88 "armour.bisurf"
No Error(s)
Output is to armour.bisurf

rapify x32UnicodeVersion 1.75, Dll 4.88 "armour.rvmat"
No Error(s)
Output is to armour.rvmat

rapify x32UnicodeVersion 1.75, Dll 4.88 "glass_armored.bisurf"
No Error(s)
Output is to glass_armored.bisurf

rapify x32UnicodeVersion 1.75, Dll 4.88 "glass_armored.rvmat"
No Error(s)
Output is to glass_armored.rvmat

rapify x32UnicodeVersion 1.75, Dll 4.88 "metalPlate.bisurf"
No Error(s)
Output is to metalPlate.bisurf

rapify x32UnicodeVersion 1.75, Dll 4.88 "metalplate.rvmat"
No Error(s)
Output is to metalplate.rvmat

rapify x32UnicodeVersion 1.75, Dll 4.88 "rubber.bisurf"
No Error(s)
Output is to rubber.bisurf

rapify x32UnicodeVersion 1.75, Dll 4.88 "rubber.rvmat"
No Error(s)
Output is to rubber.rvmat

acr_a3\acr_a3_vehicles\dingo\data\Picture_Dingo2MG_CA.paa
1 File(s) copied
acr_a3\acr_a3_vehicles\dingo\data\Picture_Dingo2_CA.paa
1 File(s) copied
rapify x32UnicodeVersion 1.75, Dll 4.88 "plane.rvmat"
No Error(s)
Output is to plane.rvmat

rapify x32UnicodeVersion 1.75, Dll 4.88 "plane_dam.rvmat"
No Error(s)
Output is to plane_dam.rvmat

acr_a3\acr_a3_vehicles\dingo\data\puskohled_lh.paa
1 File(s) copied
rapify x32UnicodeVersion 1.75, Dll 4.88 "teile.rvmat"
No Error(s)
Output is to teile.rvmat

rapify x32UnicodeVersion 1.75, Dll 4.88 "teile_dam.rvmat"
No Error(s)
Output is to teile_dam.rvmat

rapify x32UnicodeVersion 1.75, Dll 4.88 "teile_des.rvmat"
No Error(s)
Output is to teile_des.rvmat

rapify x32UnicodeVersion 1.75, Dll 4.88 "teile_innen.rvmat"
No Error(s)
Output is to teile_innen.rvmat

rapify x32UnicodeVersion 1.75, Dll 4.88 "teile_innen_des.rvmat"
No Error(s)
Output is to teile_innen_des.rvmat

rapify x32UnicodeVersion 1.75, Dll 4.88 "model.cfg"
No Error(s)
acr_a3\acr_a3_vehicles\dingo\physx.hpp
1 File(s) copied
acr_a3\acr_a3_vehicles\dingo\Sounds\crash_building_01.wss
1 File(s) copied
acr_a3\acr_a3_vehicles\dingo\Sounds\crash_building_02.wss
1 File(s) copied
acr_a3\acr_a3_vehicles\dingo\Sounds\crash_building_03.wss
1 File(s) copied
acr_a3\acr_a3_vehicles\dingo\Sounds\crash_building_04.wss
1 File(s) copied
acr_a3\acr_a3_vehicles\dingo\Sounds\crash_mix_wood_01.wss
1 File(s) copied
acr_a3\acr_a3_vehicles\dingo\Sounds\crash_mix_wood_02.wss
1 File(s) copied
acr_a3\acr_a3_vehicles\dingo\Sounds\crash_mix_wood_03.wss
1 File(s) copied
acr_a3\acr_a3_vehicles\dingo\Sounds\crash_mix_wood_04.wss
1 File(s) copied
acr_a3\acr_a3_vehicles\dingo\Sounds\crash_mix_wood_05.wss
1 File(s) copied
acr_a3\acr_a3_vehicles\dingo\Sounds\crash_mix_wood_06.wss
1 File(s) copied
acr_a3\acr_a3_vehicles\dingo\Sounds\crash_vehicle_01.wss
1 File(s) copied
acr_a3\acr_a3_vehicles\dingo\Sounds\crash_vehicle_02.wss
1 File(s) copied
acr_a3\acr_a3_vehicles\dingo\Sounds\crash_vehicle_03.wss
1 File(s) copied
acr_a3\acr_a3_vehicles\dingo\Sounds\crash_vehicle_04.wss
1 File(s) copied
acr_a3\acr_a3_vehicles\dingo\Sounds\Dingo_ext_acce.wss
1 File(s) copied
acr_a3\acr_a3_vehicles\dingo\Sounds\Dingo_ext_high.wss
1 File(s) copied
acr_a3\acr_a3_vehicles\dingo\Sounds\Dingo_ext_idle.wss
1 File(s) copied
acr_a3\acr_a3_vehicles\dingo\Sounds\Dingo_ext_mid.wss
1 File(s) copied
acr_a3\acr_a3_vehicles\dingo\Sounds\Dingo_ext_start.wss
1 File(s) copied
acr_a3\acr_a3_vehicles\dingo\Sounds\Dingo_ext_stop.wss
1 File(s) copied
acr_a3\acr_a3_vehicles\dingo\Sounds\Dingo_int_acce.wss
1 File(s) copied
acr_a3\acr_a3_vehicles\dingo\Sounds\Dingo_int_high.wss
1 File(s) copied
acr_a3\acr_a3_vehicles\dingo\Sounds\Dingo_int_idle.wss
1 File(s) copied
acr_a3\acr_a3_vehicles\dingo\Sounds\Dingo_int_mid.wss
1 File(s) copied
acr_a3\acr_a3_vehicles\dingo\Sounds\Dingo_int_start.wss
1 File(s) copied
acr_a3\acr_a3_vehicles\dingo\Sounds\Dingo_int_stop.wss
1 File(s) copied
acr_a3\acr_a3_vehicles\dingo\Sounds\door.wss
1 File(s) copied
acr_a3\acr_a3_vehicles\dingo\Sounds\ext-tires-asphalt3.wss
1 File(s) copied
acr_a3\acr_a3_vehicles\dingo\Sounds\ext-tires-grass2.wss
1 File(s) copied
acr_a3\acr_a3_vehicles\dingo\Sounds\ext-tires-gravel2.wss
1 File(s) copied
acr_a3\acr_a3_vehicles\dingo\Sounds\ext-tires-mud2.wss
1 File(s) copied
acr_a3\acr_a3_vehicles\dingo\Sounds\ext-tires-rock2.wss
1 File(s) copied
acr_a3\acr_a3_vehicles\dingo\Sounds\ext-tires-sand2.wss
1 File(s) copied
acr_a3\acr_a3_vehicles\dingo\Sounds\int-tires-asphalt3.wss
1 File(s) copied
acr_a3\acr_a3_vehicles\dingo\Sounds\int-tires-grass2.wss
1 File(s) copied
acr_a3\acr_a3_vehicles\dingo\Sounds\int-tires-gravel2.wss
1 File(s) copied
acr_a3\acr_a3_vehicles\dingo\Sounds\int-tires-mud2.wss
1 File(s) copied
acr_a3\acr_a3_vehicles\dingo\Sounds\int-tires-rock2.wss
1 File(s) copied
acr_a3\acr_a3_vehicles\dingo\Sounds\int-tires-sand2.wss
1 File(s) copied
acr_a3\acr_a3_vehicles\dingo\Sounds\noise2.wss
1 File(s) copied
acr_a3\acr_a3_vehicles\dingo\Sounds\turret-1.wss
1 File(s) copied
rapify x32UnicodeVersion 1.75, Dll 4.88 "config.cpp"
scanning cfgPatches...ok
No Error(s)
Output is to config.bin

rapify x32UnicodeVersion 1.75, Dll 4.88 "ags30.rvmat"
No Error(s)
Output is to ags30.rvmat

acr_a3\acr_a3_vehicles\hmmwv\data\ags30_co.paa
1 File(s) copied
acr_a3\acr_a3_vehicles\hmmwv\data\ags30_cross_ca.paa
1 File(s) copied
acr_a3\acr_a3_vehicles\hmmwv\data\ags30_nohq.paa
1 File(s) copied
acr_a3\acr_a3_vehicles\hmmwv\data\ags30_smdi.paa
1 File(s) copied
rapify x32UnicodeVersion 1.75, Dll 4.88 "armor_11mm_plate.bisurf"
No Error(s)
Output is to armor_11mm_plate.bisurf

rapify x32UnicodeVersion 1.75, Dll 4.88 "armor_11mm_plate.rvmat"
No Error(s)
Output is to armor_11mm_plate.rvmat

rapify x32UnicodeVersion 1.75, Dll 4.88 "armor_16mm_plate.bisurf"
No Error(s)
Output is to armor_16mm_plate.bisurf

rapify x32UnicodeVersion 1.75, Dll 4.88 "armor_16mm_plate.rvmat"
No Error(s)
Output is to armor_16mm_plate.rvmat

rapify x32UnicodeVersion 1.75, Dll 4.88 "armor_1mm_plate.bisurf"
No Error(s)
Output is to armor_1mm_plate.bisurf

rapify x32UnicodeVersion 1.75, Dll 4.88 "armor_1mm_plate.rvmat"
No Error(s)
Output is to armor_1mm_plate.rvmat

rapify x32UnicodeVersion 1.75, Dll 4.88 "armor_23mm_plate.bisurf"
No Error(s)
Output is to armor_23mm_plate.bisurf

rapify x32UnicodeVersion 1.75, Dll 4.88 "armor_23mm_plate.rvmat"
No Error(s)
Output is to armor_23mm_plate.rvmat

rapify x32UnicodeVersion 1.75, Dll 4.88 "armor_5mm_plate.bisurf"
No Error(s)
Output is to armor_5mm_plate.bisurf

rapify x32UnicodeVersion 1.75, Dll 4.88 "armor_5mm_plate.rvmat"
No Error(s)
Output is to armor_5mm_plate.rvmat

rapify x32UnicodeVersion 1.75, Dll 4.88 "armor_7mm_plate.bisurf"
No Error(s)
Output is to armor_7mm_plate.bisurf

rapify x32UnicodeVersion 1.75, Dll 4.88 "armor_7mm_plate.rvmat"
No Error(s)
Output is to armor_7mm_plate.rvmat

acr_a3\acr_a3_vehicles\hmmwv\data\carflare_ca.paa
1 File(s) copied
rapify x32UnicodeVersion 1.75, Dll 4.88 "damagewheel3.rvmat"
No Error(s)
Output is to damagewheel3.rvmat

acr_a3\acr_a3_vehicles\hmmwv\data\damagewheel3_as.paa
1 File(s) copied
acr_a3\acr_a3_vehicles\hmmwv\data\damagewheel3_co.paa
1 File(s) copied
acr_a3\acr_a3_vehicles\hmmwv\data\damagewheel3_nohq.paa
1 File(s) copied
rapify x32UnicodeVersion 1.75, Dll 4.88 "default.rvmat"
No Error(s)
Output is to default.rvmat

rapify x32UnicodeVersion 1.75, Dll 4.88 "default_destruct.rvmat"
No Error(s)
Output is to default_destruct.rvmat

rapify x32UnicodeVersion 1.75, Dll 4.88 "default_flash_2pass_notiwrite.rvmat"
No Error(s)
Output is to default_flash_2pass_notiwrite.rvmat

acr_a3\acr_a3_vehicles\hmmwv\data\default_vehicle_ti_ca.paa
1 File(s) copied
acr_a3\acr_a3_vehicles\hmmwv\data\destruct\damage_metal_basicarmor_dt.paa
1 File(s) copied
acr_a3\acr_a3_vehicles\hmmwv\data\destruct\damage_metal_basicarmor_mc.paa
1 File(s) copied
acr_a3\acr_a3_vehicles\hmmwv\data\destruct\destruct_plech2_full_dt.paa
1 File(s) copied
acr_a3\acr_a3_vehicles\hmmwv\data\destruct\destruct_plech_full_dt.paa
1 File(s) copied
acr_a3\acr_a3_vehicles\hmmwv\data\destruct\destruct_plech_full_mc.paa
1 File(s) copied
acr_a3\acr_a3_vehicles\hmmwv\data\destruct\destruct_plech_full_smdi.paa
1 File(s) copied
acr_a3\acr_a3_vehicles\hmmwv\data\destruct\destruct_plech_half_smdi.paa
1 File(s) copied
acr_a3\acr_a3_vehicles\hmmwv\data\destruct\destr_glass_armour2_full_ca.paa
1 File(s) copied
acr_a3\acr_a3_vehicles\hmmwv\data\destruct\destr_glass_armour2_full_nohq.paa
1 File(s) copied
acr_a3\acr_a3_vehicles\hmmwv\data\destruct\destr_glass_armour_full2_ca.paa
1 File(s) copied
acr_a3\acr_a3_vehicles\hmmwv\data\destruct\metal_rough_full_dt.paa
1 File(s) copied
acr_a3\acr_a3_vehicles\hmmwv\data\destruct\metal_rough_half_dt.paa
1 File(s) copied
acr_a3\acr_a3_vehicles\hmmwv\data\destruct\vehicle_destr1024_1024_mc.paa
1 File(s) copied
acr_a3\acr_a3_vehicles\hmmwv\data\destruct\vehicle_destr1024_1024_smdi.paa
1 File(s) copied
acr_a3\acr_a3_vehicles\hmmwv\data\destruct\vehicle_destr1024_512_mc.paa
1 File(s) copied
acr_a3\acr_a3_vehicles\hmmwv\data\destruct\vehicle_destr1024_512_smdi.paa
1 File(s) copied
acr_a3\acr_a3_vehicles\hmmwv\data\destruct\vehicle_destr512_512_mc.paa
1 File(s) copied
acr_a3\acr_a3_vehicles\hmmwv\data\destruct_ti_ca.paa
1 File(s) copied
acr_a3\acr_a3_vehicles\hmmwv\data\detailmapy\metal_rough_dt.paa
1 File(s) copied
acr_a3\acr_a3_vehicles\hmmwv\data\env_land_co.paa
1 File(s) copied
rapify x32UnicodeVersion 1.75, Dll 4.88 "fabricP.bisurf"
No Error(s)
Output is to fabricP.bisurf

rapify x32UnicodeVersion 1.75, Dll 4.88 "fabricp.rvmat"
No Error(s)
Output is to fabricp.rvmat

acr_a3\acr_a3_vehicles\hmmwv\data\flares\redlight_ca.paa
1 File(s) copied
rapify x32UnicodeVersion 1.75, Dll 4.88 "glass_armored.bisurf"
No Error(s)
Output is to glass_armored.bisurf

rapify x32UnicodeVersion 1.75, Dll 4.88 "glass_armored.rvmat"
No Error(s)
Output is to glass_armored.rvmat

rapify x32UnicodeVersion 1.75, Dll 4.88 "hmmwv_body.rvmat"
No Error(s)
Output is to hmmwv_body.rvmat

rapify x32UnicodeVersion 1.75, Dll 4.88 "hmmwv_body_1.rvmat"
No Error(s)
Output is to hmmwv_body_1.rvmat

rapify x32UnicodeVersion 1.75, Dll 4.88 "hmmwv_body_1_damage.rvmat"
No Error(s)
Output is to hmmwv_body_1_damage.rvmat

rapify x32UnicodeVersion 1.75, Dll 4.88 "hmmwv_body_1_destruct.rvmat"
No Error(s)
Output is to hmmwv_body_1_destruct.rvmat

acr_a3\acr_a3_vehicles\hmmwv\data\hmmwv_body_as.paa
1 File(s) copied
acr_a3\acr_a3_vehicles\hmmwv\data\hmmwv_body_canvas_1_co.paa
1 File(s) copied
acr_a3\acr_a3_vehicles\hmmwv\data\hmmwv_body_canvas_1_ti_ca.paa
1 File(s) copied
rapify x32UnicodeVersion 1.75, Dll 4.88 "hmmwv_body_damage.rvmat"
No Error(s)
Output is to hmmwv_body_damage.rvmat

rapify x32UnicodeVersion 1.75, Dll 4.88 "hmmwv_body_destruct.rvmat"
No Error(s)
Output is to hmmwv_body_destruct.rvmat

acr_a3\acr_a3_vehicles\hmmwv\data\hmmwv_body_nohq.paa
1 File(s) copied
acr_a3\acr_a3_vehicles\hmmwv\data\hmmwv_body_smdi.paa
1 File(s) copied
rapify x32UnicodeVersion 1.75, Dll 4.88 "hmmwv_clocks.rvmat"
No Error(s)
Output is to hmmwv_clocks.rvmat

acr_a3\acr_a3_vehicles\hmmwv\data\hmmwv_clocks_co.paa
1 File(s) copied
rapify x32UnicodeVersion 1.75, Dll 4.88 "hmmwv_clocks_destruct.rvmat"
No Error(s)
Output is to hmmwv_clocks_destruct.rvmat

acr_a3\acr_a3_vehicles\hmmwv\data\hmmwv_clocks_dt.paa
1 File(s) copied
acr_a3\acr_a3_vehicles\hmmwv\data\hmmwv_clocks_nohq.paa
1 File(s) copied
acr_a3\acr_a3_vehicles\hmmwv\data\hmmwv_clocks_smdi.paa
1 File(s) copied
rapify x32UnicodeVersion 1.75, Dll 4.88 "hmmwv_details.rvmat"
No Error(s)
Output is to hmmwv_details.rvmat

rapify x32UnicodeVersion 1.75, Dll 4.88 "hmmwv_details_2.rvmat"
No Error(s)
Output is to hmmwv_details_2.rvmat

acr_a3\acr_a3_vehicles\hmmwv\data\hmmwv_details_2_co.paa
1 File(s) copied
acr_a3\acr_a3_vehicles\hmmwv\data\hmmwv_details_2_nohq.paa
1 File(s) copied
acr_a3\acr_a3_vehicles\hmmwv\data\hmmwv_details_2_smdi.paa
1 File(s) copied
acr_a3\acr_a3_vehicles\hmmwv\data\hmmwv_details_2_ti_ca.paa
1 File(s) copied
acr_a3\acr_a3_vehicles\hmmwv\data\hmmwv_details_as.paa
1 File(s) copied
acr_a3\acr_a3_vehicles\hmmwv\data\hmmwv_details_co.paa
1 File(s) copied
rapify x32UnicodeVersion 1.75, Dll 4.88 "hmmwv_details_damage.rvmat"
No Error(s)
Output is to hmmwv_details_damage.rvmat

rapify x32UnicodeVersion 1.75, Dll 4.88 "hmmwv_details_destruct.rvmat"
No Error(s)
Output is to hmmwv_details_destruct.rvmat

acr_a3\acr_a3_vehicles\hmmwv\data\hmmwv_details_nohq.paa
1 File(s) copied
rapify x32UnicodeVersion 1.75, Dll 4.88 "hmmwv_details_noti.rvmat"
No Error(s)
Output is to hmmwv_details_noti.rvmat

acr_a3\acr_a3_vehicles\hmmwv\data\hmmwv_details_smdi.paa
1 File(s) copied
rapify x32UnicodeVersion 1.75, Dll 4.88 "hmmwv_glass.rvmat"
No Error(s)
Output is to hmmwv_glass.rvmat

acr_a3\acr_a3_vehicles\hmmwv\data\hmmwv_glass_ca.paa
1 File(s) copied
rapify x32UnicodeVersion 1.75, Dll 4.88 "hmmwv_glass_Half_D.rvmat"
No Error(s)
Output is to hmmwv_glass_Half_D.rvmat

rapify x32UnicodeVersion 1.75, Dll 4.88 "hmmwv_glass_in.rvmat"
No Error(s)
Output is to hmmwv_glass_in.rvmat

rapify x32UnicodeVersion 1.75, Dll 4.88 "hmmwv_glass_in_Half_D.rvmat"
No Error(s)
Output is to hmmwv_glass_in_Half_D.rvmat

acr_a3\acr_a3_vehicles\hmmwv\data\hmmwv_glass_nohq.paa
1 File(s) copied
acr_a3\acr_a3_vehicles\hmmwv\data\hmmwv_glass_smdi.paa
1 File(s) copied
rapify x32UnicodeVersion 1.75, Dll 4.88 "hmmwv_gpk_tower.rvmat"
No Error(s)
Output is to hmmwv_gpk_tower.rvmat

acr_a3\acr_a3_vehicles\hmmwv\data\hmmwv_gpk_tower_co.paa
1 File(s) copied
rapify x32UnicodeVersion 1.75, Dll 4.88 "hmmwv_gpk_tower_damage.rvmat"
No Error(s)
Output is to hmmwv_gpk_tower_damage.rvmat

rapify x32UnicodeVersion 1.75, Dll 4.88 "hmmwv_gpk_tower_destruct.rvmat"
No Error(s)
Output is to hmmwv_gpk_tower_destruct.rvmat

acr_a3\acr_a3_vehicles\hmmwv\data\hmmwv_gpk_tower_nohq.paa
1 File(s) copied
acr_a3\acr_a3_vehicles\hmmwv\data\hmmwv_gpk_tower_smdi.paa
1 File(s) copied
rapify x32UnicodeVersion 1.75, Dll 4.88 "hmmwv_hood.rvmat"
No Error(s)
Output is to hmmwv_hood.rvmat

acr_a3\acr_a3_vehicles\hmmwv\data\hmmwv_hood_as.paa
1 File(s) copied
acr_a3\acr_a3_vehicles\hmmwv\data\hmmwv_hood_canvas_co.paa
1 File(s) copied
acr_a3\acr_a3_vehicles\hmmwv\data\hmmwv_hood_canvas_ti_ca.paa
1 File(s) copied
rapify x32UnicodeVersion 1.75, Dll 4.88 "hmmwv_hood_damage.rvmat"
No Error(s)
Output is to hmmwv_hood_damage.rvmat

rapify x32UnicodeVersion 1.75, Dll 4.88 "hmmwv_hood_destruct.rvmat"
No Error(s)
Output is to hmmwv_hood_destruct.rvmat

acr_a3\acr_a3_vehicles\hmmwv\data\hmmwv_hood_nohq.paa
1 File(s) copied
acr_a3\acr_a3_vehicles\hmmwv\data\hmmwv_hood_smdi.paa
1 File(s) copied
rapify x32UnicodeVersion 1.75, Dll 4.88 "hmmwv_parts_1.rvmat"
No Error(s)
Output is to hmmwv_parts_1.rvmat

acr_a3\acr_a3_vehicles\hmmwv\data\hmmwv_parts_1_as.paa
1 File(s) copied
acr_a3\acr_a3_vehicles\hmmwv\data\hmmwv_parts_1_ca.paa
1 File(s) copied
rapify x32UnicodeVersion 1.75, Dll 4.88 "hmmwv_parts_1_damage.rvmat"
No Error(s)
Output is to hmmwv_parts_1_damage.rvmat

rapify x32UnicodeVersion 1.75, Dll 4.88 "hmmwv_parts_1_destruct.rvmat"
No Error(s)
Output is to hmmwv_parts_1_destruct.rvmat

acr_a3\acr_a3_vehicles\hmmwv\data\hmmwv_parts_1_nohq.paa
1 File(s) copied
acr_a3\acr_a3_vehicles\hmmwv\data\hmmwv_parts_1_smdi.paa
1 File(s) copied
acr_a3\acr_a3_vehicles\hmmwv\data\hmmwv_parts_1_ti_ca.paa
1 File(s) copied
acr_a3\acr_a3_vehicles\hmmwv\data\hmmwv_regular_1_co.paa
1 File(s) copied
rapify x32UnicodeVersion 1.75, Dll 4.88 "hmmwv_regular_1_damage.rvmat"
No Error(s)
Output is to hmmwv_regular_1_damage.rvmat

rapify x32UnicodeVersion 1.75, Dll 4.88 "hmmwv_regular_1_destruct.rvmat"
No Error(s)
Output is to hmmwv_regular_1_destruct.rvmat

acr_a3\acr_a3_vehicles\hmmwv\data\hmmwv_regular_1_nohq.paa
1 File(s) copied
acr_a3\acr_a3_vehicles\hmmwv\data\hmmwv_regular_1_smdi.paa
1 File(s) copied
acr_a3\acr_a3_vehicles\hmmwv\data\hmmwv_regular_1_ti_ca.paa
1 File(s) copied
acr_a3\acr_a3_vehicles\hmmwv\data\hmmwv_regular_1_view_mc.paa
1 File(s) copied
rapify x32UnicodeVersion 1.75, Dll 4.88 "hmmwv_regular_2.rvmat"
No Error(s)
Output is to hmmwv_regular_2.rvmat

acr_a3\acr_a3_vehicles\hmmwv\data\hmmwv_regular_2_as.paa
1 File(s) copied
acr_a3\acr_a3_vehicles\hmmwv\data\hmmwv_regular_2_ti_ca.paa
1 File(s) copied
rapify x32UnicodeVersion 1.75, Dll 4.88 "hmmwv_regular_gpk.rvmat"
No Error(s)
Output is to hmmwv_regular_gpk.rvmat

rapify x32UnicodeVersion 1.75, Dll 4.88 "hmmwv_stretcher.rvmat"
No Error(s)
Output is to hmmwv_stretcher.rvmat

acr_a3\acr_a3_vehicles\hmmwv\data\hmmwv_stretcher_co.paa
1 File(s) copied
acr_a3\acr_a3_vehicles\hmmwv\data\hmmwv_stretcher_nohq.paa
1 File(s) copied
acr_a3\acr_a3_vehicles\hmmwv\data\hmmwv_stretcher_smdi.paa
1 File(s) copied
acr_a3\acr_a3_vehicles\hmmwv\data\icomap_hmwv50_CA.paa
1 File(s) copied
acr_a3\acr_a3_vehicles\hmmwv\data\Icon_hmmwv_m2gpk_CA.paa
1 File(s) copied
rapify x32UnicodeVersion 1.75, Dll 4.88 "lr_special.rvmat"
No Error(s)
Output is to lr_special.rvmat

acr_a3\acr_a3_vehicles\hmmwv\data\lr_special_acr_co.paa
1 File(s) copied
acr_a3\acr_a3_vehicles\hmmwv\data\lr_special_acr_ti_ca.paa
1 File(s) copied
acr_a3\acr_a3_vehicles\hmmwv\data\lr_special_nohq.paa
1 File(s) copied
acr_a3\acr_a3_vehicles\hmmwv\data\lr_special_smdi.paa
1 File(s) copied
rapify x32UnicodeVersion 1.75, Dll 4.88 "m1abrams_mg_mount.rvmat"
No Error(s)
Output is to m1abrams_mg_mount.rvmat

acr_a3\acr_a3_vehicles\hmmwv\data\m1abrams_mg_mount_co.paa
1 File(s) copied
rapify x32UnicodeVersion 1.75, Dll 4.88 "m1abrams_mg_mount_destruct.rvmat"
No Error(s)
Output is to m1abrams_mg_mount_destruct.rvmat

acr_a3\acr_a3_vehicles\hmmwv\data\m1abrams_mg_mount_nohq.paa
1 File(s) copied
acr_a3\acr_a3_vehicles\hmmwv\data\m1abrams_mg_mount_smdi.paa
1 File(s) copied
rapify x32UnicodeVersion 1.75, Dll 4.88 "m2.rvmat"
No Error(s)
Output is to m2.rvmat

rapify x32UnicodeVersion 1.75, Dll 4.88 "m2_destruct.rvmat"
No Error(s)
Output is to m2_destruct.rvmat

rapify x32UnicodeVersion 1.75, Dll 4.88 "optics_shine.rvmat"
No Error(s)
Output is to optics_shine.rvmat

rapify x32UnicodeVersion 1.75, Dll 4.88 "iron.bisurf"
No Error(s)
Output is to iron.bisurf

rapify x32UnicodeVersion 1.75, Dll 4.88 "iron.rvmat"
No Error(s)
Output is to iron.rvmat

rapify x32UnicodeVersion 1.75, Dll 4.88 "metalPlate.bisurf"
No Error(s)
Output is to metalPlate.bisurf

rapify x32UnicodeVersion 1.75, Dll 4.88 "metalplate.rvmat"
No Error(s)
Output is to metalplate.rvmat

rapify x32UnicodeVersion 1.75, Dll 4.88 "rubberPlate.bisurf"
No Error(s)
Output is to rubberPlate.bisurf

rapify x32UnicodeVersion 1.75, Dll 4.88 "rubberplate.rvmat"
No Error(s)
Output is to rubberplate.rvmat

acr_a3\acr_a3_vehicles\hmmwv\data\Picture_hmmwv_m2gpk_CA.paa
1 File(s) copied
acr_a3\acr_a3_vehicles\hmmwv\data\puskohled_lh.paa
1 File(s) copied
rapify x32UnicodeVersion 1.75, Dll 4.88 "rubber.bisurf"
No Error(s)
Output is to rubber.bisurf

rapify x32UnicodeVersion 1.75, Dll 4.88 "rubber.rvmat"
No Error(s)
Output is to rubber.rvmat

rapify x32UnicodeVersion 1.75, Dll 4.88 "tripod_ags.rvmat"
No Error(s)
Output is to tripod_ags.rvmat

acr_a3\acr_a3_vehicles\hmmwv\data\tripod_ags_co.paa
1 File(s) copied
acr_a3\acr_a3_vehicles\hmmwv\data\tripod_ags_nohq.paa
1 File(s) copied
acr_a3\acr_a3_vehicles\hmmwv\data\tripod_ags_smdi.paa
1 File(s) copied
acr_a3\acr_a3_vehicles\hmmwv\data\tripod_ags_ti_ca.paa
1 File(s) copied
rapify x32UnicodeVersion 1.75, Dll 4.88 "uaz_mount.rvmat"
No Error(s)
Output is to uaz_mount.rvmat

acr_a3\acr_a3_vehicles\hmmwv\data\uaz_mount_as.paa
1 File(s) copied
acr_a3\acr_a3_vehicles\hmmwv\data\uaz_mount_co.paa
1 File(s) copied
acr_a3\acr_a3_vehicles\hmmwv\data\uaz_mount_nohq.paa
1 File(s) copied
acr_a3\acr_a3_vehicles\hmmwv\data\uaz_mount_smdi.paa
1 File(s) copied
acr_a3\acr_a3_vehicles\hmmwv\data\uaz_mount_ti_ca.paa
1 File(s) copied
acr_a3\acr_a3_vehicles\hmmwv\data\weapons\m2_co.paa
1 File(s) copied
acr_a3\acr_a3_vehicles\hmmwv\data\weapons\m2_nohq.paa
1 File(s) copied
acr_a3\acr_a3_vehicles\hmmwv\data\weapons\m2_smdi.paa
1 File(s) copied
rapify x32UnicodeVersion 1.75, Dll 4.88 "m2_stojan.rvmat"
No Error(s)
Output is to m2_stojan.rvmat

acr_a3\acr_a3_vehicles\hmmwv\data\weapons\m2_stojan_co.paa
1 File(s) copied
acr_a3\acr_a3_vehicles\hmmwv\data\weapons\m2_stojan_nohq.paa
1 File(s) copied
acr_a3\acr_a3_vehicles\hmmwv\data\weapons\m2_stojan_smdi.paa
1 File(s) copied
rapify x32UnicodeVersion 1.75, Dll 4.88 "model.cfg"
No Error(s)
acr_a3\acr_a3_vehicles\hmmwv\physx.hpp
1 File(s) copied
rapify x32UnicodeVersion 1.75, Dll 4.88 "config.cpp"
scanning cfgPatches...ok
No Error(s)
Output is to config.bin

acr_a3\acr_a3_vehicles\hunter\data\Hunter_Kastle.paa
1 File(s) copied
acr_a3\acr_a3_vehicles\hunter\data\Hunter_plachta.paa
1 File(s) copied
acr_a3\acr_a3_vehicles\hunter\data\Hunter_turret.paa
1 File(s) copied
rapify x32UnicodeVersion 1.75, Dll 4.88 "config.cpp"
scanning cfgPatches...ok
No Error(s)
Output is to config.bin

acr_a3\acr_a3_vehicles\kamaz\data\ACR_Kamaz.paa
1 File(s) copied
acr_a3\acr_a3_vehicles\kamaz\data\ACR_Kamaz_cisterna.paa
1 File(s) copied
acr_a3\acr_a3_vehicles\kamaz\data\ACR_Kamaz_Kabina.paa
1 File(s) copied
acr_a3\acr_a3_vehicles\kamaz\data\ACR_Kamaz_Plachta.paa
1 File(s) copied
rapify x32UnicodeVersion 1.75, Dll 4.88 "config.cpp"
scanning cfgPatches...ok
No Error(s)
Output is to config.bin

acr_a3\acr_a3_vehicles\mohawk\data\blu_mohawk2_co.paa
1 File(s) copied
acr_a3\acr_a3_vehicles\mohawk\data\blu_mohawk3_co.paa
1 File(s) copied
acr_a3\acr_a3_vehicles\mohawk\data\blu_mohawk_co.paa
1 File(s) copied
rapify x32UnicodeVersion 1.75, Dll 4.88 "config.cpp"
scanning cfgPatches...ok
No Error(s)
Output is to config.bin

acr_a3\acr_a3_vehicles\offroad\data\Offroad01.paa
1 File(s) copied
acr_a3\acr_a3_vehicles\offroad\randomize_colors.sqf
1 File(s) copied
rapify x32UnicodeVersion 1.75, Dll 4.88 "config.cpp"
scanning cfgPatches...ok
No Error(s)
Output is to config.bin

acr_a3\acr_a3_vehicles\pandur\data\Pandur01.paa
1 File(s) copied
acr_a3\acr_a3_vehicles\pandur\data\Pandur02.paa
1 File(s) copied
acr_a3\acr_a3_vehicles\pandur\data\Pandur03.paa
1 File(s) copied
acr_a3\acr_a3_vehicles\pandur\data\Pandur04.paa
1 File(s) copied
acr_a3\acr_a3_vehicles\texHeaders.bin
1 File(s) copied
acr_a3\acr_a3_vehicles\dingo\damagewheel_3.p3d
1 File(s) copied
acr_a3\acr_a3_vehicles\hmmwv\Anims\HMWVW_Cargo.rtm
1 File(s) copied
acr_a3\acr_a3_vehicles\hmmwv\Anims\HMWVW_Cargo01.rtm
1 File(s) copied
acr_a3\acr_a3_vehicles\hmmwv\Anims\HMWVW_Cargo02.rtm
1 File(s) copied
acr_a3\acr_a3_vehicles\hmmwv\Anims\HMWVW_Cargo03.rtm
1 File(s) copied
acr_a3\acr_a3_vehicles\hmmwv\Anims\HMWVW_Cargo04.rtm
1 File(s) copied
acr_a3\acr_a3_vehicles\hmmwv\Anims\HMWVW_Driver.rtm
1 File(s) copied
acr_a3\acr_a3_vehicles\hmmwv\Anims\HMWVW_Gunner.rtm
1 File(s) copied
acr_a3\acr_a3_vehicles\hmmwv\Anims\HMWVW_Gunner02.rtm
1 File(s) copied
acr_a3\acr_a3_vehicles\hmmwv\Anims\HMWVW_Gunner03.rtm
1 File(s) copied
acr_a3\acr_a3_vehicles\hmmwv\Anims\HMWVW_Gunner04.rtm
1 File(s) copied
acr_a3\acr_a3_vehicles\hmmwv\Anims\HMWVW_KIA_Cargo.rtm
1 File(s) copied
acr_a3\acr_a3_vehicles\hmmwv\Anims\HMWVW_KIA_Cargo01.rtm
1 File(s) copied
acr_a3\acr_a3_vehicles\hmmwv\Anims\HMWVW_KIA_Cargo02.rtm
1 File(s) copied
acr_a3\acr_a3_vehicles\hmmwv\Anims\HMWVW_KIA_Cargo03.rtm
1 File(s) copied
acr_a3\acr_a3_vehicles\hmmwv\Anims\HMWVW_KIA_Cargo04.rtm
1 File(s) copied
acr_a3\acr_a3_vehicles\hmmwv\Anims\HMWVW_KIA_Driver.rtm
1 File(s) copied
acr_a3\acr_a3_vehicles\hmmwv\Anims\HMWVW_KIA_Gunner.rtm
1 File(s) copied
acr_a3\acr_a3_vehicles\hmmwv\Anims\LR_gunner01.rtm
1 File(s) copied
acr_a3\acr_a3_vehicles\hmmwv\Anims\Stryker_Dead.rtm
1 File(s) copied
Building entries:...
2Dscope_BMPgun.p3d 
2Dscope_BMPgun.p3d.dep : ignored or merged
bmp2_Cargo04.rtm 
bmp2_Cargo04.rtm.dep : ignored or merged
bmp2_Commander.rtm 
bmp2_Commander.rtm.dep : ignored or merged
bmp2_CommanderOut.rtm 
bmp2_CommanderOut.rtm.dep : ignored or merged
bmp2_Driver.rtm 
bmp2_Driver.rtm.dep : ignored or merged
bmp2_DriverOut.rtm 
bmp2_DriverOut.rtm.dep : ignored or merged
bmp2_Gunner.rtm 
bmp2_Gunner.rtm.dep : ignored or merged
bmp2_GunnerOut.rtm 
bmp2_GunnerOut.rtm.dep : ignored or merged
hmmwv_M240gunner.rtm 
hmmwv_M240gunner.rtm.dep : ignored or merged
KIA_bmp2_Cargo.rtm 
KIA_bmp2_Cargo.rtm.dep : ignored or merged
KIA_bmp2_Commander.rtm 
KIA_bmp2_Commander.rtm.dep : ignored or merged
KIA_bmp2_Driver.rtm 
KIA_bmp2_Driver.rtm.dep : ignored or merged
KIA_bmp2_Gunner.rtm 
KIA_bmp2_Gunner.rtm.dep : ignored or merged
KIA_hmmwv_M240gunner.rtm 
KIA_hmmwv_M240gunner.rtm.dep : ignored or merged
KIA_Stryker_Cargo01.rtm 
KIA_Stryker_Cargo01.rtm.dep : ignored or merged
Stryker_Cargo01_V0.rtm 
Stryker_Cargo01_V0.rtm.dep : ignored or merged
Stryker_Cargo01_V1.rtm 
Stryker_Cargo01_V1.rtm.dep : ignored or merged
Stryker_Cargo01_V2.rtm 
Stryker_Cargo01_V2.rtm.dep : ignored or merged
Stryker_Cargo01_V3.rtm 
Stryker_Cargo01_V3.rtm.dep : ignored or merged
Stryker_Cargo01_V4.rtm 
Stryker_Cargo01_V4.rtm.dep : ignored or merged
BMP2.p3d 
BMP2.p3d.dep : ignored or merged
bmp2_night_sight.p3d 
bmp2_night_sight.p3d.dep : ignored or merged
bmp2_noreticle.p3d 
bmp2_noreticle.p3d.dep : ignored or merged
cfgFunctions.hpp 
cfgMoves.hpp 
cfgRsc.hpp 
CfgVehicles.hpp 
cfgWeapons.hpp 
config.bin 
ah64d_glass_ti_ca.paa 
BMP2_01.rvmat 
bmp2_01_acr_co.paa 
bmp2_01_acr_des_co.paa 
bmp2_01_as.paa 
BMP2_01_damage.rvmat 
BMP2_01_destruct.rvmat 
bmp2_01_nohq.paa 
bmp2_01_smdi.paa 
bmp2_01_ti_ca.paa 
BMP2_02.rvmat 
bmp2_02_acr_co.paa 
bmp2_02_acr_des_co.paa 
bmp2_02_as.paa 
BMP2_02_damage.rvmat 
BMP2_02_destruct.rvmat 
bmp2_02_nohq.paa 
bmp2_02_smdi.paa 
bmp2_02_ti_ca.paa 
bmp2_interier.rvmat 
bmp2_interier_as.paa 
bmp2_interier_co.paa 
bmp2_interier_nohq.paa 
bmp2_interier_smdi.paa 
bmp2_inter_opt_co.paa 
bmp2_inter_opt_nohq.paa 
bmp2_inter_opt_smdi.paa 
bmp2_int_opt.rvmat 
bmp2_pasy.rvmat 
bmp2_pasy_damage.rvmat 
bmp2_pasy_destruct.rvmat 
bmp2_track_co.paa 
bmp2_track_nohq.paa 
bmp2_track_smdi.paa 
bmp2_track_ti_ca.paa 
bmp_gun_ca.paa 
bmp_hq.rvmat 
bmp_hq_as.paa 
bmp_hq_co.paa 
bmp_hq_damage.rvmat 
bmp_hq_destruct.rvmat 
bmp_hq_nohq.paa 
bmp_hq_smdi.paa 
bmp_hq_ti_ca.paa 
bpk_1_42N_sight.paa 
bpk_1_42_bar.paa 
bpk_1_42_sight.paa 
default_vehicle_ti_ca.paa 
deska.rvmat 
deska_co.paa 
deska_nohq.paa 
gun_elevate2.wss 
bmp2_ambulance_ca.paa 
bmp2_ca.paa 
int_det.rvmat 
int_det_as.paa 
int_det_co.paa 
int_det_nohq.paa 
int_det_smdi.paa 
m24_crosshair_ca.paa 
icomap_bmp2_ca.paa 
icomap_bmp2_hq_ca.paa 
icomap_bmp2_m_ca.paa 
pg9.rvmat 
pg9_co.paa 
pg9_nohq.paa 
pg9_smdi.paa 
pkm.rvmat 
pkm_co.paa 
pkm_nohq.paa 
pkm_smdi.paa 
pkm_ti_ca.paa 
plech_dt.paa 
t72_com_cross_ca.paa 
tank_ring_5x.paa 
trup_ext.rvmat 
trup_ext0_as.paa 
trup_ext0_co.paa 
trup_ext0_nohq.paa 
trup_ext0_smdi.paa 
trup_ext0_tak_co.paa 
trup_ext0_ti_ca.paa 
trup_int.rvmat 
trup_int_as.paa 
trup_int_co.paa 
trup_int_nohq.paa 
trup_int_smdi.paa 
gun73.wss 
javelin1.wss 
optika_T72_commander.p3d 
optika_T72_commander.p3d.dep : ignored or merged
armor_11mm_plate.rvmat 
Armor_16mm_plate.bisurf 
armor_16mm_plate.rvmat 
armor_19mm_plate.bisurf 
armor_19mm_plate.rvmat 
Armor_1mm_plate.bisurf 
armor_1mm_plate.rvmat 
armor_23mm_plate.rvmat 
armor_30mm_plate.rvmat 
Armor_3mm_plate.bisurf 
armor_3mm_plate.rvmat 
Armor_5mm_plate.bisurf 
Armor_7mm_plate.bisurf 
armor_7mm_plate.rvmat 
iron.rvmat 
pg9_projectile.p3d 
pg9_projectile.p3d.dep : ignored or merged
physX.hpp 
pip.hpp 
pip2.hpp 
RDS_sight_BMP2.sqf 
config.bin 
AMT_Dingo2a2.p3d 
AMT_Dingo2a2.p3d.dep : ignored or merged
AMT_Dingo2a2_MG.p3d 
AMT_Dingo2a2_MG.p3d.dep : ignored or merged
config.bin 
damagewheel_3.p3d 
ACR_DES_a_teile_co.paa 
ACR_karosse_des_co.paa 
acr_karosse_wdl_co.paa 
alpha_ca.paa 
alpha_glass.rvmat 
alpha_glass_dam.rvmat 
alpha_glass_des.rvmat 
alpha_nohq.paa 
alpha_ti_ca.paa 
a_teile_as.paa 
a_teile_co.paa 
a_teile_nohq.paa 
a_teile_smdi.paa 
a_teile_ti_ca.paa 
bis_klan.paa 
budiky_co.paa 
budiky_nohq.paa 
budiky_smdi.paa 
cabin.rvmat 
cabin_co.paa 
cabin_NOHQ.paa 
cabin_SMDI.paa 
cabin_ti_ca.paa 
carflare_ca.paa 
damagewheel3.rvmat 
damagewheel3_as.paa 
damagewheel3_co.paa 
damagewheel3_nohq.paa 
default.rvmat 
default_flash_2pass_notiwrite.rvmat 
default_notiwrite.rvmat 
default_vehicle_ti_ca.paa 
damage_metal_basicarmor_dt.paa 
destruct_plech_full_dt.paa 
destruct_plech_full_mc.paa 
destruct_plech_full_smdi.paa 
destruct_plech_half_smdi.paa 
destruct_rubber_half_dt.paa 
destruct_rubber_half_mc.paa 
destr_glass_armour2_full_ca.paa 
destr_glass_armour2_full_nohq.paa 
destr_glass_armour2_full_smdi.paa 
destr_glass_armour2_half_ca.paa 
metal_rough_half_dt.paa 
destruct_ti_ca.paa 
plastic1_512_dt.paa 
dingo_int_plast.rvmat 
env_land_co.paa 
env_mirror_co.paa 
redlight_ca.paa 
flw100.rvmat 
FLW100_co.paa 
FLW100_DES_co.paa 
FLW100_NOHQ.paa 
FLW100_SMDI.paa 
flw100_ti_ca.paa 
FLW200.rvmat 
FLW200_as.paa 
FLW200_co.paa 
FLW200_dam.rvmat 
FLW200_des.rvmat 
FLW200_DES_co.paa 
flw200_nohq.paa 
FLW200_smdi.paa 
flw200_ti_ca.paa 
icon_dingo2_ca.paa 
innen_gitter.rvmat 
Innen_teile2_as.paa 
innen_teile2_co.paa 
Innen_teile2_nohq.paa 
Innen_teile2_smdi.paa 
Innen_teile2_ti_ca.paa 
ka50_optika_tv_ca.paa 
karosse2_as.paa 
karosse_as.paa 
karosse_co.paa 
karosse_nohq.paa 
karosse_smdi.paa 
karosse_ti_ca.paa 
karrosse.rvmat 
karrosse_dam.rvmat 
karrosse_des.rvmat 
karrosse_innen.rvmat 
karrosse_innen_des.rvmat 
m24_crosshair_ca.paa 
mg3_v.rvmat 
mg3_v_co.paa 
MG3_V_nohq.paa 
mg3_v_ti_ca.paa 
mirror.rvmat 
rws_cross_ca.paa 
armor_5mm_plate.bisurf 
armor_5mm_plate.rvmat 
armour.bisurf 
armour.rvmat 
glass_armored.bisurf 
glass_armored.rvmat 
metalPlate.bisurf 
metalplate.rvmat 
rubber.bisurf 
rubber.rvmat 
Picture_Dingo2MG_CA.paa 
Picture_Dingo2_CA.paa 
plane.rvmat 
plane_dam.rvmat 
puskohled_lh.paa 
teile.rvmat 
teile_dam.rvmat 
teile_des.rvmat 
teile_innen.rvmat 
teile_innen_des.rvmat 
physx.hpp 
crash_building_01.wss 
crash_building_02.wss 
crash_building_03.wss 
crash_building_04.wss 
crash_mix_wood_01.wss 
crash_mix_wood_02.wss 
crash_mix_wood_03.wss 
crash_mix_wood_04.wss 
crash_mix_wood_05.wss 
crash_mix_wood_06.wss 
crash_vehicle_01.wss 
crash_vehicle_02.wss 
crash_vehicle_03.wss 
crash_vehicle_04.wss 
Dingo_ext_acce.wss 
Dingo_ext_high.wss 
Dingo_ext_idle.wss 
Dingo_ext_mid.wss 
Dingo_ext_start.wss 
Dingo_ext_stop.wss 
Dingo_int_acce.wss 
Dingo_int_high.wss 
Dingo_int_idle.wss 
Dingo_int_mid.wss 
Dingo_int_start.wss 
Dingo_int_stop.wss 
door.wss 
ext-tires-asphalt3.wss 
ext-tires-grass2.wss 
ext-tires-gravel2.wss 
ext-tires-mud2.wss 
ext-tires-rock2.wss 
ext-tires-sand2.wss 
int-tires-asphalt3.wss 
int-tires-grass2.wss 
int-tires-gravel2.wss 
int-tires-mud2.wss 
int-tires-rock2.wss 
int-tires-sand2.wss 
noise2.wss 
turret-1.wss 
hmmwv_Cargo01_V0.rtm 
hmmwv_Cargo01_V0.rtm.dep : ignored or merged
HMMWV_Driver.rtm 
HMMWV_Driver.rtm.dep : ignored or merged
hmmwv_M2gunnerOUT.rtm 
hmmwv_M2gunnerOUT.rtm.dep : ignored or merged
hmmwv_mk19gunnerOUT.rtm 
hmmwv_mk19gunnerOUT.rtm.dep : ignored or merged
hmmwv_TOW_gunnerOUT.rtm 
hmmwv_TOW_gunnerOUT.rtm.dep : ignored or merged
HMWVW_Cargo.rtm 
HMWVW_Cargo01.rtm 
HMWVW_Cargo02.rtm 
HMWVW_Cargo03.rtm 
HMWVW_Cargo04.rtm 
HMWVW_Driver.rtm 
HMWVW_Gunner.rtm 
HMWVW_Gunner02.rtm 
HMWVW_Gunner03.rtm 
HMWVW_Gunner04.rtm 
HMWVW_KIA_Cargo.rtm 
HMWVW_KIA_Cargo01.rtm 
HMWVW_KIA_Cargo02.rtm 
HMWVW_KIA_Cargo03.rtm 
HMWVW_KIA_Cargo04.rtm 
HMWVW_KIA_Driver.rtm 
HMWVW_KIA_Gunner.rtm 
KIA_HMMWV_Cargo01.rtm 
KIA_HMMWV_Cargo01.rtm.dep : ignored or merged
KIA_HMMWV_Driver.rtm 
KIA_HMMWV_Driver.rtm.dep : ignored or merged
KIA_hmmwv_gunnerOUT.rtm 
KIA_hmmwv_gunnerOUT.rtm.dep : ignored or merged
LR_gunner01.rtm 
Stryker_Dead.rtm 
config.bin 
damagewheel_3.p3d 
damagewheel_3.p3d.dep : ignored or merged
ags30.rvmat 
ags30_co.paa 
ags30_cross_ca.paa 
ags30_nohq.paa 
ags30_smdi.paa 
armor_11mm_plate.bisurf 
armor_11mm_plate.rvmat 
armor_16mm_plate.bisurf 
armor_16mm_plate.rvmat 
armor_1mm_plate.bisurf 
armor_1mm_plate.rvmat 
armor_23mm_plate.bisurf 
armor_23mm_plate.rvmat 
armor_5mm_plate.bisurf 
armor_5mm_plate.rvmat 
armor_7mm_plate.bisurf 
armor_7mm_plate.rvmat 
carflare_ca.paa 
damagewheel3.rvmat 
damagewheel3_as.paa 
damagewheel3_co.paa 
damagewheel3_nohq.paa 
default.rvmat 
default_destruct.rvmat 
default_flash_2pass_notiwrite.rvmat 
default_vehicle_ti_ca.paa 
damage_metal_basicarmor_dt.paa 
damage_metal_basicarmor_mc.paa 
destruct_plech2_full_dt.paa 
destruct_plech_full_dt.paa 
destruct_plech_full_mc.paa 
destruct_plech_full_smdi.paa 
destruct_plech_half_smdi.paa 
destr_glass_armour2_full_ca.paa 
destr_glass_armour2_full_nohq.paa 
destr_glass_armour_full2_ca.paa 
metal_rough_full_dt.paa 
metal_rough_half_dt.paa 
vehicle_destr1024_1024_mc.paa 
vehicle_destr1024_1024_smdi.paa 
vehicle_destr1024_512_mc.paa 
vehicle_destr1024_512_smdi.paa 
vehicle_destr512_512_mc.paa 
destruct_ti_ca.paa 
metal_rough_dt.paa 
env_land_co.paa 
fabricP.bisurf 
fabricp.rvmat 
redlight_ca.paa 
glass_armored.bisurf 
glass_armored.rvmat 
hmmwv_body.rvmat 
hmmwv_body_1.rvmat 
hmmwv_body_1_damage.rvmat 
hmmwv_body_1_destruct.rvmat 
hmmwv_body_as.paa 
hmmwv_body_canvas_1_co.paa 
hmmwv_body_canvas_1_ti_ca.paa 
hmmwv_body_damage.rvmat 
hmmwv_body_destruct.rvmat 
hmmwv_body_nohq.paa 
hmmwv_body_smdi.paa 
hmmwv_clocks.rvmat 
hmmwv_clocks_co.paa 
hmmwv_clocks_destruct.rvmat 
hmmwv_clocks_dt.paa 
hmmwv_clocks_nohq.paa 
hmmwv_clocks_smdi.paa 
hmmwv_details.rvmat 
hmmwv_details_2.rvmat 
hmmwv_details_2_co.paa 
hmmwv_details_2_nohq.paa 
hmmwv_details_2_smdi.paa 
hmmwv_details_2_ti_ca.paa 
hmmwv_details_as.paa 
hmmwv_details_co.paa 
hmmwv_details_damage.rvmat 
hmmwv_details_destruct.rvmat 
hmmwv_details_nohq.paa 
hmmwv_details_noti.rvmat 
hmmwv_details_smdi.paa 
hmmwv_glass.rvmat 
hmmwv_glass_ca.paa 
hmmwv_glass_Half_D.rvmat 
hmmwv_glass_in.rvmat 
hmmwv_glass_in_Half_D.rvmat 
hmmwv_glass_nohq.paa 
hmmwv_glass_smdi.paa 
hmmwv_gpk_tower.rvmat 
hmmwv_gpk_tower_co.paa 
hmmwv_gpk_tower_damage.rvmat 
hmmwv_gpk_tower_destruct.rvmat 
hmmwv_gpk_tower_nohq.paa 
hmmwv_gpk_tower_smdi.paa 
hmmwv_hood.rvmat 
hmmwv_hood_as.paa 
hmmwv_hood_canvas_co.paa 
hmmwv_hood_canvas_ti_ca.paa 
hmmwv_hood_damage.rvmat 
hmmwv_hood_destruct.rvmat 
hmmwv_hood_nohq.paa 
hmmwv_hood_smdi.paa 
hmmwv_parts_1.rvmat 
hmmwv_parts_1_as.paa 
hmmwv_parts_1_ca.paa 
hmmwv_parts_1_damage.rvmat 
hmmwv_parts_1_destruct.rvmat 
hmmwv_parts_1_nohq.paa 
hmmwv_parts_1_smdi.paa 
hmmwv_parts_1_ti_ca.paa 
hmmwv_regular_1_co.paa 
hmmwv_regular_1_damage.rvmat 
hmmwv_regular_1_destruct.rvmat 
hmmwv_regular_1_nohq.paa 
hmmwv_regular_1_smdi.paa 
hmmwv_regular_1_ti_ca.paa 
hmmwv_regular_1_view_mc.paa 
hmmwv_regular_2.rvmat 
hmmwv_regular_2_as.paa 
hmmwv_regular_2_ti_ca.paa 
hmmwv_regular_gpk.rvmat 
hmmwv_stretcher.rvmat 
hmmwv_stretcher_co.paa 
hmmwv_stretcher_nohq.paa 
hmmwv_stretcher_smdi.paa 
icomap_hmwv50_CA.paa 
Icon_hmmwv_m2gpk_CA.paa 
lr_special.rvmat 
lr_special_acr_co.paa 
lr_special_acr_ti_ca.paa 
lr_special_nohq.paa 
lr_special_smdi.paa 
m1abrams_mg_mount.rvmat 
m1abrams_mg_mount_co.paa 
m1abrams_mg_mount_destruct.rvmat 
m1abrams_mg_mount_nohq.paa 
m1abrams_mg_mount_smdi.paa 
m2.rvmat 
m2_destruct.rvmat 
optics_shine.rvmat 
iron.bisurf 
iron.rvmat 
metalPlate.bisurf 
metalplate.rvmat 
rubberPlate.bisurf 
rubberplate.rvmat 
Picture_hmmwv_m2gpk_CA.paa 
puskohled_lh.paa 
rubber.bisurf 
rubber.rvmat 
tripod_ags.rvmat 
tripod_ags_co.paa 
tripod_ags_nohq.paa 
tripod_ags_smdi.paa 
tripod_ags_ti_ca.paa 
uaz_mount.rvmat 
uaz_mount_as.paa 
uaz_mount_co.paa 
uaz_mount_nohq.paa 
uaz_mount_smdi.paa 
uaz_mount_ti_ca.paa 
m2_co.paa 
m2_nohq.paa 
m2_smdi.paa 
m2_stojan.rvmat 
m2_stojan_co.paa 
m2_stojan_nohq.paa 
m2_stojan_smdi.paa 
M1114_AGS_ACR.p3d 
M1114_AGS_ACR.p3d.dep : ignored or merged
m1151_m2_gpk.p3d 
m1151_m2_gpk.p3d.dep : ignored or merged
optika_AGS30.p3d 
optika_AGS30.p3d.dep : ignored or merged
physx.hpp 
proxy_gpk_details.p3d 
proxy_gpk_details.p3d.dep : ignored or merged
config.bin 
Hunter_Kastle.paa 
Hunter_plachta.paa 
Hunter_turret.paa 
config.bin 
ACR_Kamaz.paa 
ACR_Kamaz_cisterna.paa 
ACR_Kamaz_Kabina.paa 
ACR_Kamaz_Plachta.paa 
config.bin 
blu_mohawk2_co.paa 
blu_mohawk3_co.paa 
blu_mohawk_co.paa 
config.bin 
Offroad01.paa 
randomize_colors.sqf 
config.bin 
Pandur01.paa 
Pandur02.paa 
Pandur03.paa 
Pandur04.paa 
texHeaders.bin 
/*Creating ArmA style pbo:*/
Prefix = acr_a3\acr_a3_vehicles
bmp2\2Dscope_BMPgun.p3d
bmp2\anim\bmp2_Cargo04.rtm
bmp2\anim\bmp2_Commander.rtm
bmp2\anim\bmp2_CommanderOut.rtm
bmp2\anim\bmp2_Driver.rtm
bmp2\anim\bmp2_DriverOut.rtm
bmp2\anim\bmp2_Gunner.rtm
bmp2\anim\bmp2_GunnerOut.rtm
bmp2\anim\hmmwv_M240gunner.rtm
bmp2\anim\KIA_bmp2_Cargo.rtm
bmp2\anim\KIA_bmp2_Commander.rtm
bmp2\anim\KIA_bmp2_Driver.rtm
bmp2\anim\KIA_bmp2_Gunner.rtm
bmp2\anim\KIA_hmmwv_M240gunner.rtm
bmp2\anim\KIA_Stryker_Cargo01.rtm
bmp2\anim\Stryker_Cargo01_V0.rtm
bmp2\anim\Stryker_Cargo01_V1.rtm
bmp2\anim\Stryker_Cargo01_V2.rtm
bmp2\anim\Stryker_Cargo01_V3.rtm
bmp2\anim\Stryker_Cargo01_V4.rtm
bmp2\BMP2.p3d
bmp2\bmp2_night_sight.p3d
bmp2\bmp2_noreticle.p3d
bmp2\cfgFunctions.hpp
bmp2\cfgMoves.hpp
bmp2\cfgRsc.hpp
bmp2\CfgVehicles.hpp
bmp2\cfgWeapons.hpp
bmp2\config.bin
bmp2\data\ah64d_glass_ti_ca.paa
bmp2\data\BMP2_01.rvmat
bmp2\data\bmp2_01_acr_co.paa
bmp2\data\bmp2_01_acr_des_co.paa
bmp2\data\bmp2_01_as.paa
bmp2\data\BMP2_01_damage.rvmat
bmp2\data\BMP2_01_destruct.rvmat
bmp2\data\bmp2_01_nohq.paa
bmp2\data\bmp2_01_smdi.paa
bmp2\data\bmp2_01_ti_ca.paa
bmp2\data\BMP2_02.rvmat
bmp2\data\bmp2_02_acr_co.paa
bmp2\data\bmp2_02_acr_des_co.paa
bmp2\data\bmp2_02_as.paa
bmp2\data\BMP2_02_damage.rvmat
bmp2\data\BMP2_02_destruct.rvmat
bmp2\data\bmp2_02_nohq.paa
bmp2\data\bmp2_02_smdi.paa
bmp2\data\bmp2_02_ti_ca.paa
bmp2\data\bmp2_interier.rvmat
bmp2\data\bmp2_interier_as.paa
bmp2\data\bmp2_interier_co.paa
bmp2\data\bmp2_interier_nohq.paa
bmp2\data\bmp2_interier_smdi.paa
bmp2\data\bmp2_inter_opt_co.paa
bmp2\data\bmp2_inter_opt_nohq.paa
bmp2\data\bmp2_inter_opt_smdi.paa
bmp2\data\bmp2_int_opt.rvmat
bmp2\data\bmp2_pasy.rvmat
bmp2\data\bmp2_pasy_damage.rvmat
bmp2\data\bmp2_pasy_destruct.rvmat
bmp2\data\bmp2_track_co.paa
bmp2\data\bmp2_track_nohq.paa
bmp2\data\bmp2_track_smdi.paa
bmp2\data\bmp2_track_ti_ca.paa
bmp2\data\bmp_gun_ca.paa
bmp2\data\bmp_hq.rvmat
bmp2\data\bmp_hq_as.paa
bmp2\data\bmp_hq_co.paa
bmp2\data\bmp_hq_damage.rvmat
bmp2\data\bmp_hq_destruct.rvmat
bmp2\data\bmp_hq_nohq.paa
bmp2\data\bmp_hq_smdi.paa
bmp2\data\bmp_hq_ti_ca.paa
bmp2\data\bpk_1_42N_sight.paa
bmp2\data\bpk_1_42_bar.paa
bmp2\data\bpk_1_42_sight.paa
bmp2\data\default_vehicle_ti_ca.paa
bmp2\data\deska.rvmat
bmp2\data\deska_co.paa
bmp2\data\deska_nohq.paa
bmp2\data\gun_elevate2.wss
bmp2\data\Ico\bmp2_ambulance_ca.paa
bmp2\data\Ico\bmp2_ca.paa
bmp2\data\int_det.rvmat
bmp2\data\int_det_as.paa
bmp2\data\int_det_co.paa
bmp2\data\int_det_nohq.paa
bmp2\data\int_det_smdi.paa
bmp2\data\m24_crosshair_ca.paa
bmp2\data\map_ico\icomap_bmp2_ca.paa
bmp2\data\map_ico\icomap_bmp2_hq_ca.paa
bmp2\data\map_ico\icomap_bmp2_m_ca.paa
bmp2\data\pg9.rvmat
bmp2\data\pg9_co.paa
bmp2\data\pg9_nohq.paa
bmp2\data\pg9_smdi.paa
bmp2\data\pkm.rvmat
bmp2\data\pkm_co.paa
bmp2\data\pkm_nohq.paa
bmp2\data\pkm_smdi.paa
bmp2\data\pkm_ti_ca.paa
bmp2\data\plech_dt.paa
bmp2\data\t72_com_cross_ca.paa
bmp2\data\tank_ring_5x.paa
bmp2\data\trup_ext.rvmat
bmp2\data\trup_ext0_as.paa
bmp2\data\trup_ext0_co.paa
bmp2\data\trup_ext0_nohq.paa
bmp2\data\trup_ext0_smdi.paa
bmp2\data\trup_ext0_tak_co.paa
bmp2\data\trup_ext0_ti_ca.paa
bmp2\data\trup_int.rvmat
bmp2\data\trup_int_as.paa
bmp2\data\trup_int_co.paa
bmp2\data\trup_int_nohq.paa
bmp2\data\trup_int_smdi.paa
bmp2\gun73.wss
bmp2\javelin1.wss
bmp2\optika_T72_commander.p3d
bmp2\penetration\armor_11mm_plate.rvmat
bmp2\penetration\Armor_16mm_plate.bisurf
bmp2\penetration\armor_16mm_plate.rvmat
bmp2\penetration\armor_19mm_plate.bisurf
bmp2\penetration\armor_19mm_plate.rvmat
bmp2\penetration\Armor_1mm_plate.bisurf
bmp2\penetration\armor_1mm_plate.rvmat
bmp2\penetration\armor_23mm_plate.rvmat
bmp2\penetration\armor_30mm_plate.rvmat
bmp2\penetration\Armor_3mm_plate.bisurf
bmp2\penetration\armor_3mm_plate.rvmat
bmp2\penetration\Armor_5mm_plate.bisurf
bmp2\penetration\Armor_7mm_plate.bisurf
bmp2\penetration\armor_7mm_plate.rvmat
bmp2\penetration\iron.rvmat
bmp2\pg9_projectile.p3d
bmp2\physX.hpp
bmp2\pip.hpp
bmp2\pip2.hpp
bmp2\RDS_sight_BMP2.sqf
config.bin
dingo\AMT_Dingo2a2.p3d
dingo\AMT_Dingo2a2_MG.p3d
dingo\config.bin
dingo\damagewheel_3.p3d
dingo\data\ACR_DES_a_teile_co.paa
dingo\data\ACR_karosse_des_co.paa
dingo\data\acr_karosse_wdl_co.paa
dingo\data\alpha_ca.paa
dingo\data\alpha_glass.rvmat
dingo\data\alpha_glass_dam.rvmat
dingo\data\alpha_glass_des.rvmat
dingo\data\alpha_nohq.paa
dingo\data\alpha_ti_ca.paa
dingo\data\a_teile_as.paa
dingo\data\a_teile_co.paa
dingo\data\a_teile_nohq.paa
dingo\data\a_teile_smdi.paa
dingo\data\a_teile_ti_ca.paa
dingo\data\bis_klan.paa
dingo\data\budiky_co.paa
dingo\data\budiky_nohq.paa
dingo\data\budiky_smdi.paa
dingo\data\cabin.rvmat
dingo\data\cabin_co.paa
dingo\data\cabin_NOHQ.paa
dingo\data\cabin_SMDI.paa
dingo\data\cabin_ti_ca.paa
dingo\data\carflare_ca.paa
dingo\data\damagewheel\data\damagewheel3.rvmat
dingo\data\damagewheel\data\damagewheel3_as.paa
dingo\data\damagewheel\data\damagewheel3_co.paa
dingo\data\damagewheel\data\damagewheel3_nohq.paa
dingo\data\data\default.rvmat
dingo\data\default_flash_2pass_notiwrite.rvmat
dingo\data\default_notiwrite.rvmat
dingo\data\default_vehicle_ti_ca.paa
dingo\data\destruct\damage_metal_basicarmor_dt.paa
dingo\data\destruct\destruct_plech_full_dt.paa
dingo\data\destruct\destruct_plech_full_mc.paa
dingo\data\destruct\destruct_plech_full_smdi.paa
dingo\data\destruct\destruct_plech_half_smdi.paa
dingo\data\destruct\destruct_rubber_half_dt.paa
dingo\data\destruct\destruct_rubber_half_mc.paa
dingo\data\destruct\destr_glass_armour2_full_ca.paa
dingo\data\destruct\destr_glass_armour2_full_nohq.paa
dingo\data\destruct\destr_glass_armour2_full_smdi.paa
dingo\data\destruct\destr_glass_armour2_half_ca.paa
dingo\data\destruct\metal_rough_half_dt.paa
dingo\data\destruct_ti_ca.paa
dingo\data\detail_maps\plastic1_512_dt.paa
dingo\data\dingo_int_plast.rvmat
dingo\data\env_land_co.paa
dingo\data\env_mirror_co.paa
dingo\data\flares\redlight_ca.paa
dingo\data\flw100.rvmat
dingo\data\FLW100_co.paa
dingo\data\FLW100_DES_co.paa
dingo\data\FLW100_NOHQ.paa
dingo\data\FLW100_SMDI.paa
dingo\data\flw100_ti_ca.paa
dingo\data\FLW200.rvmat
dingo\data\FLW200_as.paa
dingo\data\FLW200_co.paa
dingo\data\FLW200_dam.rvmat
dingo\data\FLW200_des.rvmat
dingo\data\FLW200_DES_co.paa
dingo\data\flw200_nohq.paa
dingo\data\FLW200_smdi.paa
dingo\data\flw200_ti_ca.paa
dingo\data\icon_dingo2_ca.paa
dingo\data\innen_gitter.rvmat
dingo\data\Innen_teile2_as.paa
dingo\data\innen_teile2_co.paa
dingo\data\Innen_teile2_nohq.paa
dingo\data\Innen_teile2_smdi.paa
dingo\data\Innen_teile2_ti_ca.paa
dingo\data\ka50_optika_tv_ca.paa
dingo\data\karosse2_as.paa
dingo\data\karosse_as.paa
dingo\data\karosse_co.paa
dingo\data\karosse_nohq.paa
dingo\data\karosse_smdi.paa
dingo\data\karosse_ti_ca.paa
dingo\data\karrosse.rvmat
dingo\data\karrosse_dam.rvmat
dingo\data\karrosse_des.rvmat
dingo\data\karrosse_innen.rvmat
dingo\data\karrosse_innen_des.rvmat
dingo\data\m24_crosshair_ca.paa
dingo\data\mg3_v.rvmat
dingo\data\mg3_v_co.paa
dingo\data\MG3_V_nohq.paa
dingo\data\mg3_v_ti_ca.paa
dingo\data\mirror.rvmat
dingo\data\optic\rws_cross_ca.paa
dingo\data\penetration\armor_5mm_plate.bisurf
dingo\data\penetration\armor_5mm_plate.rvmat
dingo\data\penetration\armour.bisurf
dingo\data\penetration\armour.rvmat
dingo\data\penetration\glass_armored.bisurf
dingo\data\penetration\glass_armored.rvmat
dingo\data\penetration\metalPlate.bisurf
dingo\data\penetration\metalplate.rvmat
dingo\data\penetration\rubber.bisurf
dingo\data\penetration\rubber.rvmat
dingo\data\Picture_Dingo2MG_CA.paa
dingo\data\Picture_Dingo2_CA.paa
dingo\data\plane.rvmat
dingo\data\plane_dam.rvmat
dingo\data\puskohled_lh.paa
dingo\data\teile.rvmat
dingo\data\teile_dam.rvmat
dingo\data\teile_des.rvmat
dingo\data\teile_innen.rvmat
dingo\data\teile_innen_des.rvmat
dingo\physx.hpp
dingo\Sounds\crash_building_01.wss
dingo\Sounds\crash_building_02.wss
dingo\Sounds\crash_building_03.wss
dingo\Sounds\crash_building_04.wss
dingo\Sounds\crash_mix_wood_01.wss
dingo\Sounds\crash_mix_wood_02.wss
dingo\Sounds\crash_mix_wood_03.wss
dingo\Sounds\crash_mix_wood_04.wss
dingo\Sounds\crash_mix_wood_05.wss
dingo\Sounds\crash_mix_wood_06.wss
dingo\Sounds\crash_vehicle_01.wss
dingo\Sounds\crash_vehicle_02.wss
dingo\Sounds\crash_vehicle_03.wss
dingo\Sounds\crash_vehicle_04.wss
dingo\Sounds\Dingo_ext_acce.wss
dingo\Sounds\Dingo_ext_high.wss
dingo\Sounds\Dingo_ext_idle.wss
dingo\Sounds\Dingo_ext_mid.wss
dingo\Sounds\Dingo_ext_start.wss
dingo\Sounds\Dingo_ext_stop.wss
dingo\Sounds\Dingo_int_acce.wss
dingo\Sounds\Dingo_int_high.wss
dingo\Sounds\Dingo_int_idle.wss
dingo\Sounds\Dingo_int_mid.wss
dingo\Sounds\Dingo_int_start.wss
dingo\Sounds\Dingo_int_stop.wss
dingo\Sounds\door.wss
dingo\Sounds\ext-tires-asphalt3.wss
dingo\Sounds\ext-tires-grass2.wss
dingo\Sounds\ext-tires-gravel2.wss
dingo\Sounds\ext-tires-mud2.wss
dingo\Sounds\ext-tires-rock2.wss
dingo\Sounds\ext-tires-sand2.wss
dingo\Sounds\int-tires-asphalt3.wss
dingo\Sounds\int-tires-grass2.wss
dingo\Sounds\int-tires-gravel2.wss
dingo\Sounds\int-tires-mud2.wss
dingo\Sounds\int-tires-rock2.wss
dingo\Sounds\int-tires-sand2.wss
dingo\Sounds\noise2.wss
dingo\Sounds\turret-1.wss
hmmwv\Anims\hmmwv_Cargo01_V0.rtm
hmmwv\Anims\HMMWV_Driver.rtm
hmmwv\Anims\hmmwv_M2gunnerOUT.rtm
hmmwv\Anims\hmmwv_mk19gunnerOUT.rtm
hmmwv\Anims\hmmwv_TOW_gunnerOUT.rtm
hmmwv\Anims\HMWVW_Cargo.rtm
hmmwv\Anims\HMWVW_Cargo01.rtm
hmmwv\Anims\HMWVW_Cargo02.rtm
hmmwv\Anims\HMWVW_Cargo03.rtm
hmmwv\Anims\HMWVW_Cargo04.rtm
hmmwv\Anims\HMWVW_Driver.rtm
hmmwv\Anims\HMWVW_Gunner.rtm
hmmwv\Anims\HMWVW_Gunner02.rtm
hmmwv\Anims\HMWVW_Gunner03.rtm
hmmwv\Anims\HMWVW_Gunner04.rtm
hmmwv\Anims\HMWVW_KIA_Cargo.rtm
hmmwv\Anims\HMWVW_KIA_Cargo01.rtm
hmmwv\Anims\HMWVW_KIA_Cargo02.rtm
hmmwv\Anims\HMWVW_KIA_Cargo03.rtm
hmmwv\Anims\HMWVW_KIA_Cargo04.rtm
hmmwv\Anims\HMWVW_KIA_Driver.rtm
hmmwv\Anims\HMWVW_KIA_Gunner.rtm
hmmwv\Anims\KIA_HMMWV_Cargo01.rtm
hmmwv\Anims\KIA_HMMWV_Driver.rtm
hmmwv\Anims\KIA_hmmwv_gunnerOUT.rtm
hmmwv\Anims\LR_gunner01.rtm
hmmwv\Anims\Stryker_Dead.rtm
hmmwv\config.bin
hmmwv\damagewheel_3.p3d
hmmwv\data\ags30.rvmat
hmmwv\data\ags30_co.paa
hmmwv\data\ags30_cross_ca.paa
hmmwv\data\ags30_nohq.paa
hmmwv\data\ags30_smdi.paa
hmmwv\data\armor_11mm_plate.bisurf
hmmwv\data\armor_11mm_plate.rvmat
hmmwv\data\armor_16mm_plate.bisurf
hmmwv\data\armor_16mm_plate.rvmat
hmmwv\data\armor_1mm_plate.bisurf
hmmwv\data\armor_1mm_plate.rvmat
hmmwv\data\armor_23mm_plate.bisurf
hmmwv\data\armor_23mm_plate.rvmat
hmmwv\data\armor_5mm_plate.bisurf
hmmwv\data\armor_5mm_plate.rvmat
hmmwv\data\armor_7mm_plate.bisurf
hmmwv\data\armor_7mm_plate.rvmat
hmmwv\data\carflare_ca.paa
hmmwv\data\damagewheel3.rvmat
hmmwv\data\damagewheel3_as.paa
hmmwv\data\damagewheel3_co.paa
hmmwv\data\damagewheel3_nohq.paa
hmmwv\data\default.rvmat
hmmwv\data\default_destruct.rvmat
hmmwv\data\default_flash_2pass_notiwrite.rvmat
hmmwv\data\default_vehicle_ti_ca.paa
hmmwv\data\destruct\damage_metal_basicarmor_dt.paa
hmmwv\data\destruct\damage_metal_basicarmor_mc.paa
hmmwv\data\destruct\destruct_plech2_full_dt.paa
hmmwv\data\destruct\destruct_plech_full_dt.paa
hmmwv\data\destruct\destruct_plech_full_mc.paa
hmmwv\data\destruct\destruct_plech_full_smdi.paa
hmmwv\data\destruct\destruct_plech_half_smdi.paa
hmmwv\data\destruct\destr_glass_armour2_full_ca.paa
hmmwv\data\destruct\destr_glass_armour2_full_nohq.paa
hmmwv\data\destruct\destr_glass_armour_full2_ca.paa
hmmwv\data\destruct\metal_rough_full_dt.paa
hmmwv\data\destruct\metal_rough_half_dt.paa
hmmwv\data\destruct\vehicle_destr1024_1024_mc.paa
hmmwv\data\destruct\vehicle_destr1024_1024_smdi.paa
hmmwv\data\destruct\vehicle_destr1024_512_mc.paa
hmmwv\data\destruct\vehicle_destr1024_512_smdi.paa
hmmwv\data\destruct\vehicle_destr512_512_mc.paa
hmmwv\data\destruct_ti_ca.paa
hmmwv\data\detailmapy\metal_rough_dt.paa
hmmwv\data\env_land_co.paa
hmmwv\data\fabricP.bisurf
hmmwv\data\fabricp.rvmat
hmmwv\data\flares\redlight_ca.paa
hmmwv\data\glass_armored.bisurf
hmmwv\data\glass_armored.rvmat
hmmwv\data\hmmwv_body.rvmat
hmmwv\data\hmmwv_body_1.rvmat
hmmwv\data\hmmwv_body_1_damage.rvmat
hmmwv\data\hmmwv_body_1_destruct.rvmat
hmmwv\data\hmmwv_body_as.paa
hmmwv\data\hmmwv_body_canvas_1_co.paa
hmmwv\data\hmmwv_body_canvas_1_ti_ca.paa
hmmwv\data\hmmwv_body_damage.rvmat
hmmwv\data\hmmwv_body_destruct.rvmat
hmmwv\data\hmmwv_body_nohq.paa
hmmwv\data\hmmwv_body_smdi.paa
hmmwv\data\hmmwv_clocks.rvmat
hmmwv\data\hmmwv_clocks_co.paa
hmmwv\data\hmmwv_clocks_destruct.rvmat
hmmwv\data\hmmwv_clocks_dt.paa
hmmwv\data\hmmwv_clocks_nohq.paa
hmmwv\data\hmmwv_clocks_smdi.paa
hmmwv\data\hmmwv_details.rvmat
hmmwv\data\hmmwv_details_2.rvmat
hmmwv\data\hmmwv_details_2_co.paa
hmmwv\data\hmmwv_details_2_nohq.paa
hmmwv\data\hmmwv_details_2_smdi.paa
hmmwv\data\hmmwv_details_2_ti_ca.paa
hmmwv\data\hmmwv_details_as.paa
hmmwv\data\hmmwv_details_co.paa
hmmwv\data\hmmwv_details_damage.rvmat
hmmwv\data\hmmwv_details_destruct.rvmat
hmmwv\data\hmmwv_details_nohq.paa
hmmwv\data\hmmwv_details_noti.rvmat
hmmwv\data\hmmwv_details_smdi.paa
hmmwv\data\hmmwv_glass.rvmat
hmmwv\data\hmmwv_glass_ca.paa
hmmwv\data\hmmwv_glass_Half_D.rvmat
hmmwv\data\hmmwv_glass_in.rvmat
hmmwv\data\hmmwv_glass_in_Half_D.rvmat
hmmwv\data\hmmwv_glass_nohq.paa
hmmwv\data\hmmwv_glass_smdi.paa
hmmwv\data\hmmwv_gpk_tower.rvmat
hmmwv\data\hmmwv_gpk_tower_co.paa
hmmwv\data\hmmwv_gpk_tower_damage.rvmat
hmmwv\data\hmmwv_gpk_tower_destruct.rvmat
hmmwv\data\hmmwv_gpk_tower_nohq.paa
hmmwv\data\hmmwv_gpk_tower_smdi.paa
hmmwv\data\hmmwv_hood.rvmat
hmmwv\data\hmmwv_hood_as.paa
hmmwv\data\hmmwv_hood_canvas_co.paa
hmmwv\data\hmmwv_hood_canvas_ti_ca.paa
hmmwv\data\hmmwv_hood_damage.rvmat
hmmwv\data\hmmwv_hood_destruct.rvmat
hmmwv\data\hmmwv_hood_nohq.paa
hmmwv\data\hmmwv_hood_smdi.paa
hmmwv\data\hmmwv_parts_1.rvmat
hmmwv\data\hmmwv_parts_1_as.paa
hmmwv\data\hmmwv_parts_1_ca.paa
hmmwv\data\hmmwv_parts_1_damage.rvmat
hmmwv\data\hmmwv_parts_1_destruct.rvmat
hmmwv\data\hmmwv_parts_1_nohq.paa
hmmwv\data\hmmwv_parts_1_smdi.paa
hmmwv\data\hmmwv_parts_1_ti_ca.paa
hmmwv\data\hmmwv_regular_1_co.paa
hmmwv\data\hmmwv_regular_1_damage.rvmat
hmmwv\data\hmmwv_regular_1_destruct.rvmat
hmmwv\data\hmmwv_regular_1_nohq.paa
hmmwv\data\hmmwv_regular_1_smdi.paa
hmmwv\data\hmmwv_regular_1_ti_ca.paa
hmmwv\data\hmmwv_regular_1_view_mc.paa
hmmwv\data\hmmwv_regular_2.rvmat
hmmwv\data\hmmwv_regular_2_as.paa
hmmwv\data\hmmwv_regular_2_ti_ca.paa
hmmwv\data\hmmwv_regular_gpk.rvmat
hmmwv\data\hmmwv_stretcher.rvmat
hmmwv\data\hmmwv_stretcher_co.paa
hmmwv\data\hmmwv_stretcher_nohq.paa
hmmwv\data\hmmwv_stretcher_smdi.paa
hmmwv\data\icomap_hmwv50_CA.paa
hmmwv\data\Icon_hmmwv_m2gpk_CA.paa
hmmwv\data\lr_special.rvmat
hmmwv\data\lr_special_acr_co.paa
hmmwv\data\lr_special_acr_ti_ca.paa
hmmwv\data\lr_special_nohq.paa
hmmwv\data\lr_special_smdi.paa
hmmwv\data\m1abrams_mg_mount.rvmat
hmmwv\data\m1abrams_mg_mount_co.paa
hmmwv\data\m1abrams_mg_mount_destruct.rvmat
hmmwv\data\m1abrams_mg_mount_nohq.paa
hmmwv\data\m1abrams_mg_mount_smdi.paa
hmmwv\data\m2.rvmat
hmmwv\data\m2_destruct.rvmat
hmmwv\data\optics_shine.rvmat
hmmwv\data\penetration\iron.bisurf
hmmwv\data\penetration\iron.rvmat
hmmwv\data\penetration\metalPlate.bisurf
hmmwv\data\penetration\metalplate.rvmat
hmmwv\data\penetration\rubberPlate.bisurf
hmmwv\data\penetration\rubberplate.rvmat
hmmwv\data\Picture_hmmwv_m2gpk_CA.paa
hmmwv\data\puskohled_lh.paa
hmmwv\data\rubber.bisurf
hmmwv\data\rubber.rvmat
hmmwv\data\tripod_ags.rvmat
hmmwv\data\tripod_ags_co.paa
hmmwv\data\tripod_ags_nohq.paa
hmmwv\data\tripod_ags_smdi.paa
hmmwv\data\tripod_ags_ti_ca.paa
hmmwv\data\uaz_mount.rvmat
hmmwv\data\uaz_mount_as.paa
hmmwv\data\uaz_mount_co.paa
hmmwv\data\uaz_mount_nohq.paa
hmmwv\data\uaz_mount_smdi.paa
hmmwv\data\uaz_mount_ti_ca.paa
hmmwv\data\weapons\m2_co.paa
hmmwv\data\weapons\m2_nohq.paa
hmmwv\data\weapons\m2_smdi.paa
hmmwv\data\weapons\m2_stojan.rvmat
hmmwv\data\weapons\m2_stojan_co.paa
hmmwv\data\weapons\m2_stojan_nohq.paa
hmmwv\data\weapons\m2_stojan_smdi.paa
hmmwv\M1114_AGS_ACR.p3d
hmmwv\m1151_m2_gpk.p3d
hmmwv\optika_AGS30.p3d
hmmwv\physx.hpp
hmmwv\proxy_gpk_details.p3d
hunter\config.bin
hunter\data\Hunter_Kastle.paa
hunter\data\Hunter_plachta.paa
hunter\data\Hunter_turret.paa
kamaz\config.bin
kamaz\data\ACR_Kamaz.paa
kamaz\data\ACR_Kamaz_cisterna.paa
kamaz\data\ACR_Kamaz_Kabina.paa
kamaz\data\ACR_Kamaz_Plachta.paa
mohawk\config.bin
mohawk\data\blu_mohawk2_co.paa
mohawk\data\blu_mohawk3_co.paa
mohawk\data\blu_mohawk_co.paa
offroad\config.bin
offroad\data\Offroad01.paa
offroad\randomize_colors.sqf
pandur\config.bin
pandur\data\Pandur01.paa
pandur\data\Pandur02.paa
pandur\data\Pandur03.paa
pandur\data\Pandur04.paa
texHeaders.bin
Writing data blocks: .........................................................................................................................................................................................................................................................................................................................................................................................................................................................................................................................................
Written sha 'F3B706C2EAE406BCDA35203F41516595C67A48C0'

